[ 2016-11-30T11:15:13+08:00 ] ::1 /shetuan/index.php?_ijt=hijqr9n2970hk68nh4u6u0a5r2
INFO: [ app_init ] --START--
INFO: Run Behavior\BuildLiteBehavior [ RunTime:0.000031s ]
INFO: [ app_init ] --END-- [ RunTime:0.001907s ]
INFO: [ app_begin ] --START--
INFO: Run Behavior\ReadHtmlCacheBehavior [ RunTime:0.001661s ]
INFO: [ app_begin ] --END-- [ RunTime:0.001776s ]
ERR: 无法加载数据库驱动: Think\Db\Driver\

[ 2016-11-30T11:15:33+08:00 ] ::1 /shetuan/index.php?_ijt=hijqr9n2970hk68nh4u6u0a5r2
INFO: [ app_init ] --START--
INFO: Run Behavior\BuildLiteBehavior [ RunTime:0.000009s ]
INFO: [ app_init ] --END-- [ RunTime:0.000190s ]
INFO: [ app_begin ] --START--
INFO: Run Behavior\ReadHtmlCacheBehavior [ RunTime:0.000239s ]
INFO: [ app_begin ] --END-- [ RunTime:0.000269s ]
ERR: 无法加载数据库驱动: Think\Db\Driver\

[ 2016-11-30T11:15:43+08:00 ] ::1 /shetuan/index.php?_ijt=hijqr9n2970hk68nh4u6u0a5r2
INFO: [ app_init ] --START--
INFO: Run Behavior\BuildLiteBehavior [ RunTime:0.000008s ]
INFO: [ app_init ] --END-- [ RunTime:0.000180s ]
INFO: [ app_begin ] --START--
INFO: Run Behavior\ReadHtmlCacheBehavior [ RunTime:0.000229s ]
INFO: [ app_begin ] --END-- [ RunTime:0.000256s ]
ERR: 无法加载数据库驱动: Think\Db\Driver\

[ 2016-11-30T11:16:12+08:00 ] ::1 /shetuan/index.php?_ijt=hijqr9n2970hk68nh4u6u0a5r2
INFO: [ app_init ] --START--
INFO: Run Behavior\BuildLiteBehavior [ RunTime:0.000009s ]
INFO: [ app_init ] --END-- [ RunTime:0.000172s ]
INFO: [ app_begin ] --START--
INFO: Run Behavior\ReadHtmlCacheBehavior [ RunTime:0.000391s ]
INFO: [ app_begin ] --END-- [ RunTime:0.000424s ]
ERR: 无法加载数据库驱动: Think\Db\Driver\

[ 2016-11-30T11:16:33+08:00 ] ::1 /shetuan/index.php
INFO: [ app_init ] --START--
INFO: Run Behavior\BuildLiteBehavior [ RunTime:0.000007s ]
INFO: [ app_init ] --END-- [ RunTime:0.000170s ]
INFO: [ app_begin ] --START--
INFO: Run Behavior\ReadHtmlCacheBehavior [ RunTime:0.000336s ]
INFO: [ app_begin ] --END-- [ RunTime:0.000380s ]
ERR: 无法加载数据库驱动: Think\Db\Driver\

[ 2016-11-30T11:19:05+08:00 ] ::1 /shetuan/index.php
INFO: [ app_init ] --START--
INFO: Run Behavior\BuildLiteBehavior [ RunTime:0.000009s ]
INFO: [ app_init ] --END-- [ RunTime:0.000261s ]
INFO: [ app_begin ] --START--
INFO: Run Behavior\ReadHtmlCacheBehavior [ RunTime:0.000328s ]
INFO: [ app_begin ] --END-- [ RunTime:0.000392s ]
ERR: SQLSTATE[HY000] [2002] No such file or directory

[ 2016-11-30T11:21:43+08:00 ] ::1 /shetuan/index.php
INFO: [ app_init ] --START--
INFO: Run Behavior\BuildLiteBehavior [ RunTime:0.000034s ]
INFO: [ app_init ] --END-- [ RunTime:0.000878s ]
INFO: [ app_begin ] --START--
INFO: Run Behavior\ReadHtmlCacheBehavior [ RunTime:0.000570s ]
INFO: [ app_begin ] --END-- [ RunTime:0.000655s ]
ERR: SQLSTATE[HY000] [2002] No such file or directory

[ 2016-11-30T11:22:34+08:00 ] ::1 /shetuan/index.php
INFO: [ app_init ] --START--
INFO: Run Behavior\BuildLiteBehavior [ RunTime:0.000014s ]
INFO: [ app_init ] --END-- [ RunTime:0.000311s ]
INFO: [ app_begin ] --START--
INFO: Run Behavior\ReadHtmlCacheBehavior [ RunTime:0.000343s ]
INFO: [ app_begin ] --END-- [ RunTime:0.000375s ]
ERR: SQLSTATE[HY000] [2002] No such file or directory

[ 2016-11-30T11:23:49+08:00 ] ::1 /shetuan/index.php
INFO: [ app_init ] --START--
INFO: Run Behavior\BuildLiteBehavior [ RunTime:0.000012s ]
INFO: [ app_init ] --END-- [ RunTime:0.000344s ]
INFO: [ app_begin ] --START--
INFO: Run Behavior\ReadHtmlCacheBehavior [ RunTime:0.000360s ]
INFO: [ app_begin ] --END-- [ RunTime:0.000394s ]
ERR: 1146:Table 'shetuan.st_admin_info' doesn't exist
 [ SQL语句 ] : SHOW COLUMNS FROM `st_admin_info`
ERR: 1146:Table 'shetuan.st_admin_info' doesn't exist
 [ SQL语句 ] : SHOW COLUMNS FROM `st_admin_info`

[ 2016-11-30T11:24:08+08:00 ] ::1 /shetuan/index.php
INFO: [ app_init ] --START--
INFO: Run Behavior\BuildLiteBehavior [ RunTime:0.000008s ]
INFO: [ app_init ] --END-- [ RunTime:0.000185s ]
INFO: [ app_begin ] --START--
INFO: Run Behavior\ReadHtmlCacheBehavior [ RunTime:0.000219s ]
INFO: [ app_begin ] --END-- [ RunTime:0.000246s ]
SQL: SHOW COLUMNS FROM `st_admininfo` [ RunTime:0.0006s ]
SQL: SELECT * FROM `st_admininfo` LIMIT 1   [ RunTime:0.0004s ]
INFO: [ view_parse ] --START--
INFO: [ template_filter ] --START--
INFO: Run Behavior\ContentReplaceBehavior [ RunTime:0.000030s ]
INFO: [ template_filter ] --END-- [ RunTime:0.000077s ]
NOTIC: [8] Array to string conversion /Users/tao/PhpSites/shetuan/Application/Runtime/Cache/Home/2a94b8bda04ff446dcedd42276fc99ee.php 第 8 行.
INFO: Run Behavior\ParseTemplateBehavior [ RunTime:0.008457s ]
INFO: [ view_parse ] --END-- [ RunTime:0.008504s ]
INFO: [ view_filter ] --START--
INFO: Run Behavior\WriteHtmlCacheBehavior [ RunTime:0.000941s ]
INFO: [ view_filter ] --END-- [ RunTime:0.000990s ]
INFO: [ app_end ] --START--
INFO: Run Behavior\ShowPageTraceBehavior [ RunTime:0.001681s ]
INFO: [ app_end ] --END-- [ RunTime:0.001720s ]

[ 2016-11-30T11:26:41+08:00 ] ::1 /shetuan/index.php
INFO: [ app_init ] --START--
INFO: Run Behavior\BuildLiteBehavior [ RunTime:0.000007s ]
INFO: [ app_init ] --END-- [ RunTime:0.000188s ]
INFO: [ app_begin ] --START--
INFO: Run Behavior\ReadHtmlCacheBehavior [ RunTime:0.000206s ]
INFO: [ app_begin ] --END-- [ RunTime:0.000233s ]
SQL: SHOW COLUMNS FROM `st_admininfo` [ RunTime:0.0005s ]
SQL: SELECT * FROM `st_admininfo` LIMIT 1   [ RunTime:0.0002s ]
INFO: [ view_parse ] --START--
INFO: [ template_filter ] --START--
INFO: Run Behavior\ContentReplaceBehavior [ RunTime:0.000020s ]
INFO: [ template_filter ] --END-- [ RunTime:0.000051s ]
NOTIC: [8] Undefined variable: v /Users/tao/PhpSites/shetuan/Application/Runtime/Cache/Home/2a94b8bda04ff446dcedd42276fc99ee.php 第 10 行.
INFO: Run Behavior\ParseTemplateBehavior [ RunTime:0.002862s ]
INFO: [ view_parse ] --END-- [ RunTime:0.002886s ]
INFO: [ view_filter ] --START--
INFO: Run Behavior\WriteHtmlCacheBehavior [ RunTime:0.000083s ]
INFO: [ view_filter ] --END-- [ RunTime:0.000103s ]
INFO: [ app_end ] --START--
INFO: Run Behavior\ShowPageTraceBehavior [ RunTime:0.000232s ]
INFO: [ app_end ] --END-- [ RunTime:0.000252s ]

[ 2016-11-30T11:29:27+08:00 ] ::1 /shetuan/index.php
INFO: [ app_init ] --START--
INFO: Run Behavior\BuildLiteBehavior [ RunTime:0.000008s ]
INFO: [ app_init ] --END-- [ RunTime:0.000165s ]
INFO: [ app_begin ] --START--
INFO: Run Behavior\ReadHtmlCacheBehavior [ RunTime:0.000204s ]
INFO: [ app_begin ] --END-- [ RunTime:0.000228s ]
SQL: SHOW COLUMNS FROM `st_admininfo` [ RunTime:0.0004s ]
SQL: SELECT * FROM `st_admininfo` LIMIT 1   [ RunTime:0.0003s ]
INFO: [ view_parse ] --START--
INFO: [ template_filter ] --START--
INFO: Run Behavior\ContentReplaceBehavior [ RunTime:0.000021s ]
INFO: [ template_filter ] --END-- [ RunTime:0.000046s ]
NOTIC: [2] Illegal string offset 'adminId' /Users/tao/PhpSites/shetuan/Application/Runtime/Cache/Home/2a94b8bda04ff446dcedd42276fc99ee.php 第 9 行.
NOTIC: [2] Illegal string offset 'roleId' /Users/tao/PhpSites/shetuan/Application/Runtime/Cache/Home/2a94b8bda04ff446dcedd42276fc99ee.php 第 10 行.
NOTIC: [2] Illegal string offset 'departId' /Users/tao/PhpSites/shetuan/Application/Runtime/Cache/Home/2a94b8bda04ff446dcedd42276fc99ee.php 第 11 行.
NOTIC: [2] Illegal string offset 'adminName' /Users/tao/PhpSites/shetuan/Application/Runtime/Cache/Home/2a94b8bda04ff446dcedd42276fc99ee.php 第 12 行.
NOTIC: [2] Illegal string offset 'adminPassword' /Users/tao/PhpSites/shetuan/Application/Runtime/Cache/Home/2a94b8bda04ff446dcedd42276fc99ee.php 第 13 行.
NOTIC: [2] Illegal string offset 'adminId' /Users/tao/PhpSites/shetuan/Application/Runtime/Cache/Home/2a94b8bda04ff446dcedd42276fc99ee.php 第 9 行.
NOTIC: [2] Illegal string offset 'roleId' /Users/tao/PhpSites/shetuan/Application/Runtime/Cache/Home/2a94b8bda04ff446dcedd42276fc99ee.php 第 10 行.
NOTIC: [2] Illegal string offset 'departId' /Users/tao/PhpSites/shetuan/Application/Runtime/Cache/Home/2a94b8bda04ff446dcedd42276fc99ee.php 第 11 行.
NOTIC: [2] Illegal string offset 'adminName' /Users/tao/PhpSites/shetuan/Application/Runtime/Cache/Home/2a94b8bda04ff446dcedd42276fc99ee.php 第 12 行.
NOTIC: [2] Illegal string offset 'adminPassword' /Users/tao/PhpSites/shetuan/Application/Runtime/Cache/Home/2a94b8bda04ff446dcedd42276fc99ee.php 第 13 行.
NOTIC: [2] Illegal string offset 'adminId' /Users/tao/PhpSites/shetuan/Application/Runtime/Cache/Home/2a94b8bda04ff446dcedd42276fc99ee.php 第 9 行.
NOTIC: [2] Illegal string offset 'roleId' /Users/tao/PhpSites/shetuan/Application/Runtime/Cache/Home/2a94b8bda04ff446dcedd42276fc99ee.php 第 10 行.
NOTIC: [2] Illegal string offset 'departId' /Users/tao/PhpSites/shetuan/Application/Runtime/Cache/Home/2a94b8bda04ff446dcedd42276fc99ee.php 第 11 行.
NOTIC: [2] Illegal string offset 'adminName' /Users/tao/PhpSites/shetuan/Application/Runtime/Cache/Home/2a94b8bda04ff446dcedd42276fc99ee.php 第 12 行.
NOTIC: [2] Illegal string offset 'adminPassword' /Users/tao/PhpSites/shetuan/Application/Runtime/Cache/Home/2a94b8bda04ff446dcedd42276fc99ee.php 第 13 行.
NOTIC: [2] Illegal string offset 'adminId' /Users/tao/PhpSites/shetuan/Application/Runtime/Cache/Home/2a94b8bda04ff446dcedd42276fc99ee.php 第 9 行.
NOTIC: [2] Illegal string offset 'roleId' /Users/tao/PhpSites/shetuan/Application/Runtime/Cache/Home/2a94b8bda04ff446dcedd42276fc99ee.php 第 10 行.
NOTIC: [2] Illegal string offset 'departId' /Users/tao/PhpSites/shetuan/Application/Runtime/Cache/Home/2a94b8bda04ff446dcedd42276fc99ee.php 第 11 行.
NOTIC: [2] Illegal string offset 'adminName' /Users/tao/PhpSites/shetuan/Application/Runtime/Cache/Home/2a94b8bda04ff446dcedd42276fc99ee.php 第 12 行.
NOTIC: [2] Illegal string offset 'adminPassword' /Users/tao/PhpSites/shetuan/Application/Runtime/Cache/Home/2a94b8bda04ff446dcedd42276fc99ee.php 第 13 行.
NOTIC: [2] Illegal string offset 'adminId' /Users/tao/PhpSites/shetuan/Application/Runtime/Cache/Home/2a94b8bda04ff446dcedd42276fc99ee.php 第 9 行.
NOTIC: [2] Illegal string offset 'roleId' /Users/tao/PhpSites/shetuan/Application/Runtime/Cache/Home/2a94b8bda04ff446dcedd42276fc99ee.php 第 10 行.
NOTIC: [2] Illegal string offset 'departId' /Users/tao/PhpSites/shetuan/Application/Runtime/Cache/Home/2a94b8bda04ff446dcedd42276fc99ee.php 第 11 行.
NOTIC: [2] Illegal string offset 'adminName' /Users/tao/PhpSites/shetuan/Application/Runtime/Cache/Home/2a94b8bda04ff446dcedd42276fc99ee.php 第 12 行.
NOTIC: [2] Illegal string offset 'adminPassword' /Users/tao/PhpSites/shetuan/Application/Runtime/Cache/Home/2a94b8bda04ff446dcedd42276fc99ee.php 第 13 行.
INFO: Run Behavior\ParseTemplateBehavior [ RunTime:0.003117s ]
INFO: [ view_parse ] --END-- [ RunTime:0.003139s ]
INFO: [ view_filter ] --START--
INFO: Run Behavior\WriteHtmlCacheBehavior [ RunTime:0.000129s ]
INFO: [ view_filter ] --END-- [ RunTime:0.000155s ]
INFO: [ app_end ] --START--
INFO: Run Behavior\ShowPageTraceBehavior [ RunTime:0.000259s ]
INFO: [ app_end ] --END-- [ RunTime:0.000297s ]

[ 2016-11-30T11:30:38+08:00 ] ::1 /shetuan/index.php
INFO: [ app_init ] --START--
INFO: Run Behavior\BuildLiteBehavior [ RunTime:0.000009s ]
INFO: [ app_init ] --END-- [ RunTime:0.000198s ]
INFO: [ app_begin ] --START--
INFO: Run Behavior\ReadHtmlCacheBehavior [ RunTime:0.000232s ]
INFO: [ app_begin ] --END-- [ RunTime:0.000257s ]
SQL: SHOW COLUMNS FROM `st_admininfo` [ RunTime:0.0010s ]
SQL: SELECT * FROM `st_admininfo` LIMIT 1   [ RunTime:0.0003s ]
INFO: [ view_parse ] --START--
INFO: [ template_filter ] --START--
INFO: Run Behavior\ContentReplaceBehavior [ RunTime:0.000026s ]
INFO: [ template_filter ] --END-- [ RunTime:0.000061s ]
NOTIC: [2] Illegal string offset 'adminName' /Users/tao/PhpSites/shetuan/Application/Runtime/Cache/Home/2a94b8bda04ff446dcedd42276fc99ee.php 第 9 行.
NOTIC: [2] Illegal string offset 'adminName' /Users/tao/PhpSites/shetuan/Application/Runtime/Cache/Home/2a94b8bda04ff446dcedd42276fc99ee.php 第 9 行.
NOTIC: [2] Illegal string offset 'adminName' /Users/tao/PhpSites/shetuan/Application/Runtime/Cache/Home/2a94b8bda04ff446dcedd42276fc99ee.php 第 9 行.
NOTIC: [2] Illegal string offset 'adminName' /Users/tao/PhpSites/shetuan/Application/Runtime/Cache/Home/2a94b8bda04ff446dcedd42276fc99ee.php 第 9 行.
NOTIC: [2] Illegal string offset 'adminName' /Users/tao/PhpSites/shetuan/Application/Runtime/Cache/Home/2a94b8bda04ff446dcedd42276fc99ee.php 第 9 行.
INFO: Run Behavior\ParseTemplateBehavior [ RunTime:0.003996s ]
INFO: [ view_parse ] --END-- [ RunTime:0.004027s ]
INFO: [ view_filter ] --START--
INFO: Run Behavior\WriteHtmlCacheBehavior [ RunTime:0.000089s ]
INFO: [ view_filter ] --END-- [ RunTime:0.000108s ]
INFO: [ app_end ] --START--
INFO: Run Behavior\ShowPageTraceBehavior [ RunTime:0.000236s ]
INFO: [ app_end ] --END-- [ RunTime:0.000257s ]

[ 2016-11-30T11:32:18+08:00 ] ::1 /shetuan/index.php
INFO: [ app_init ] --START--
INFO: Run Behavior\BuildLiteBehavior [ RunTime:0.000007s ]
INFO: [ app_init ] --END-- [ RunTime:0.000168s ]
INFO: [ app_begin ] --START--
INFO: Run Behavior\ReadHtmlCacheBehavior [ RunTime:0.000207s ]
INFO: [ app_begin ] --END-- [ RunTime:0.000232s ]
SQL: SHOW COLUMNS FROM `st_admininfo` [ RunTime:0.0005s ]
SQL: SELECT * FROM `st_admininfo` LIMIT 1   [ RunTime:0.0005s ]
INFO: [ view_parse ] --START--
INFO: [ template_filter ] --START--
INFO: Run Behavior\ContentReplaceBehavior [ RunTime:0.000031s ]
INFO: [ template_filter ] --END-- [ RunTime:0.000063s ]
INFO: Run Behavior\ParseTemplateBehavior [ RunTime:0.003809s ]
INFO: [ view_parse ] --END-- [ RunTime:0.003841s ]
INFO: [ view_filter ] --START--
INFO: Run Behavior\WriteHtmlCacheBehavior [ RunTime:0.000083s ]
INFO: [ view_filter ] --END-- [ RunTime:0.000102s ]
INFO: [ app_end ] --START--
INFO: Run Behavior\ShowPageTraceBehavior [ RunTime:0.000240s ]
INFO: [ app_end ] --END-- [ RunTime:0.000261s ]

[ 2016-11-30T11:32:44+08:00 ] ::1 /shetuan/index.php
INFO: [ app_init ] --START--
INFO: Run Behavior\BuildLiteBehavior [ RunTime:0.000008s ]
INFO: [ app_init ] --END-- [ RunTime:0.000166s ]
INFO: [ app_begin ] --START--
INFO: Run Behavior\ReadHtmlCacheBehavior [ RunTime:0.000205s ]
INFO: [ app_begin ] --END-- [ RunTime:0.000228s ]
SQL: SHOW COLUMNS FROM `st_admininfo` [ RunTime:0.0004s ]
SQL: SELECT * FROM `st_admininfo` LIMIT 1   [ RunTime:0.0003s ]
INFO: [ view_parse ] --START--
INFO: [ template_filter ] --START--
INFO: Run Behavior\ContentReplaceBehavior [ RunTime:0.000019s ]
INFO: [ template_filter ] --END-- [ RunTime:0.000044s ]

[ 2016-11-30T11:32:49+08:00 ] ::1 /shetuan/index.php
INFO: [ app_init ] --START--
INFO: Run Behavior\BuildLiteBehavior [ RunTime:0.000014s ]
INFO: [ app_init ] --END-- [ RunTime:0.000356s ]
INFO: [ app_begin ] --START--
INFO: Run Behavior\ReadHtmlCacheBehavior [ RunTime:0.000436s ]
INFO: [ app_begin ] --END-- [ RunTime:0.000528s ]
SQL: SHOW COLUMNS FROM `st_admininfo` [ RunTime:0.0004s ]
SQL: SELECT * FROM `st_admininfo` LIMIT 1   [ RunTime:0.0002s ]
INFO: [ view_parse ] --START--
INFO: [ template_filter ] --START--
INFO: Run Behavior\ContentReplaceBehavior [ RunTime:0.000034s ]
INFO: [ template_filter ] --END-- [ RunTime:0.000085s ]
NOTIC: [2] Illegal string offset 'id' /Users/tao/PhpSites/shetuan/Application/Runtime/Cache/Home/2a94b8bda04ff446dcedd42276fc99ee.php 第 8 行.
NOTIC: [2] Illegal string offset 'id' /Users/tao/PhpSites/shetuan/Application/Runtime/Cache/Home/2a94b8bda04ff446dcedd42276fc99ee.php 第 8 行.
NOTIC: [2] Illegal string offset 'id' /Users/tao/PhpSites/shetuan/Application/Runtime/Cache/Home/2a94b8bda04ff446dcedd42276fc99ee.php 第 8 行.
NOTIC: [2] Illegal string offset 'id' /Users/tao/PhpSites/shetuan/Application/Runtime/Cache/Home/2a94b8bda04ff446dcedd42276fc99ee.php 第 8 行.
NOTIC: [2] Illegal string offset 'id' /Users/tao/PhpSites/shetuan/Application/Runtime/Cache/Home/2a94b8bda04ff446dcedd42276fc99ee.php 第 8 行.
INFO: Run Behavior\ParseTemplateBehavior [ RunTime:0.005861s ]
INFO: [ view_parse ] --END-- [ RunTime:0.005893s ]
INFO: [ view_filter ] --START--
INFO: Run Behavior\WriteHtmlCacheBehavior [ RunTime:0.000127s ]
INFO: [ view_filter ] --END-- [ RunTime:0.000157s ]
INFO: [ app_end ] --START--
INFO: Run Behavior\ShowPageTraceBehavior [ RunTime:0.000384s ]
INFO: [ app_end ] --END-- [ RunTime:0.000416s ]

[ 2016-11-30T11:35:15+08:00 ] ::1 /shetuan/index.php
INFO: [ app_init ] --START--
INFO: Run Behavior\BuildLiteBehavior [ RunTime:0.000007s ]
INFO: [ app_init ] --END-- [ RunTime:0.000164s ]
INFO: [ app_begin ] --START--
INFO: Run Behavior\ReadHtmlCacheBehavior [ RunTime:0.000204s ]
INFO: [ app_begin ] --END-- [ RunTime:0.000227s ]
SQL: SHOW COLUMNS FROM `st_admininfo` [ RunTime:0.0005s ]
SQL: SELECT * FROM `st_admininfo` LIMIT 1   [ RunTime:0.0003s ]
INFO: [ view_parse ] --START--
INFO: [ template_filter ] --START--
INFO: Run Behavior\ContentReplaceBehavior [ RunTime:0.000021s ]
INFO: [ template_filter ] --END-- [ RunTime:0.000049s ]
INFO: Run Behavior\ParseTemplateBehavior [ RunTime:0.002964s ]
INFO: [ view_parse ] --END-- [ RunTime:0.002996s ]
INFO: [ view_filter ] --START--
INFO: Run Behavior\WriteHtmlCacheBehavior [ RunTime:0.000079s ]
INFO: [ view_filter ] --END-- [ RunTime:0.000097s ]
INFO: [ app_end ] --START--
INFO: Run Behavior\ShowPageTraceBehavior [ RunTime:0.000222s ]
INFO: [ app_end ] --END-- [ RunTime:0.000242s ]

