[ 2016-12-08T21:54:58+08:00 ] ::1 /shetuan/index.php/admin/index/login
INFO: [ app_init ] --START--
INFO: Run Behavior\BuildLiteBehavior [ RunTime:0.000034s ]
INFO: [ app_init ] --END-- [ RunTime:0.002139s ]
INFO: [ app_begin ] --START--
INFO: Run Behavior\ReadHtmlCacheBehavior [ RunTime:0.002028s ]
INFO: [ app_begin ] --END-- [ RunTime:0.002118s ]
INFO: [ view_parse ] --START--
INFO: [ template_filter ] --START--
INFO: Run Behavior\ContentReplaceBehavior [ RunTime:0.000072s ]
INFO: [ template_filter ] --END-- [ RunTime:0.000121s ]
INFO: Run Behavior\ParseTemplateBehavior [ RunTime:0.028816s ]
INFO: [ view_parse ] --END-- [ RunTime:0.028893s ]
INFO: [ view_filter ] --START--
INFO: Run Behavior\WriteHtmlCacheBehavior [ RunTime:0.006136s ]
INFO: [ view_filter ] --END-- [ RunTime:0.006186s ]
INFO: [ app_end ] --START--
INFO: Run Behavior\ShowPageTraceBehavior [ RunTime:0.005803s ]
INFO: [ app_end ] --END-- [ RunTime:0.005857s ]

[ 2016-12-08T21:55:06+08:00 ] ::1 /shetuan/index.php/Admin/index/login.html
INFO: [ app_init ] --START--
INFO: Run Behavior\BuildLiteBehavior [ RunTime:0.000010s ]
INFO: [ app_init ] --END-- [ RunTime:0.000226s ]
INFO: [ app_begin ] --START--
INFO: Run Behavior\ReadHtmlCacheBehavior [ RunTime:0.000518s ]
INFO: [ app_begin ] --END-- [ RunTime:0.000555s ]
SQL: SHOW COLUMNS FROM `st_admin_info` [ RunTime:0.0122s ]
SQL: SELECT * FROM `st_admin_info` WHERE `adminName` = 'qq' LIMIT 1   [ RunTime:0.0032s ]

[ 2016-12-08T21:55:07+08:00 ] ::1 /shetuan/index.php/Admin/Superadmin/index.html
INFO: [ app_init ] --START--
INFO: Run Behavior\BuildLiteBehavior [ RunTime:0.000008s ]
INFO: [ app_init ] --END-- [ RunTime:0.000177s ]
INFO: [ app_begin ] --START--
INFO: Run Behavior\ReadHtmlCacheBehavior [ RunTime:0.000225s ]
INFO: [ app_begin ] --END-- [ RunTime:0.000250s ]
INFO: [ view_parse ] --START--
INFO: [ template_filter ] --START--
INFO: Run Behavior\ContentReplaceBehavior [ RunTime:0.000030s ]
INFO: [ template_filter ] --END-- [ RunTime:0.000078s ]
INFO: Run Behavior\ParseTemplateBehavior [ RunTime:0.007841s ]
INFO: [ view_parse ] --END-- [ RunTime:0.007902s ]
INFO: [ view_filter ] --START--
INFO: Run Behavior\WriteHtmlCacheBehavior [ RunTime:0.000140s ]
INFO: [ view_filter ] --END-- [ RunTime:0.000169s ]
INFO: [ app_end ] --START--
INFO: Run Behavior\ShowPageTraceBehavior [ RunTime:0.000364s ]
INFO: [ app_end ] --END-- [ RunTime:0.000398s ]

[ 2016-12-08T21:55:09+08:00 ] ::1 /shetuan/index.php/Admin/Superadmin/showactivity.html
INFO: [ app_init ] --START--
INFO: Run Behavior\BuildLiteBehavior [ RunTime:0.000008s ]
INFO: [ app_init ] --END-- [ RunTime:0.000534s ]
INFO: [ app_begin ] --START--
INFO: Run Behavior\ReadHtmlCacheBehavior [ RunTime:0.000209s ]
INFO: [ app_begin ] --END-- [ RunTime:0.000233s ]
SQL: SHOW COLUMNS FROM `st_activity_apply` [ RunTime:0.0083s ]
SQL: SELECT `activityapplyname`,`activitytime`,`activityapplyaddr`,`activityapplycontent`,`activityapplytime`,`departname` FROM `st_activity_apply` LEFT JOIN st_depart_info ON st_activity_apply.departId = st_depart_info.departId   [ RunTime:0.0077s ]
INFO: [ view_parse ] --START--
INFO: [ template_filter ] --START--
INFO: Run Behavior\ContentReplaceBehavior [ RunTime:0.000034s ]
INFO: [ template_filter ] --END-- [ RunTime:0.000081s ]
NOTIC: [8] Undefined index: departapplyid /Users/tao/PhpSites/shetuan/Application/Runtime/Cache/Admin/08d09bf975756b5767d75991b10837e3.php 第 33 行.
NOTIC: [8] Undefined index: departapplyid /Users/tao/PhpSites/shetuan/Application/Runtime/Cache/Admin/08d09bf975756b5767d75991b10837e3.php 第 33 行.
NOTIC: [8] Undefined index: departapplyid /Users/tao/PhpSites/shetuan/Application/Runtime/Cache/Admin/08d09bf975756b5767d75991b10837e3.php 第 33 行.
INFO: Run Behavior\ParseTemplateBehavior [ RunTime:0.014449s ]
INFO: [ view_parse ] --END-- [ RunTime:0.014507s ]
INFO: [ view_filter ] --START--
INFO: Run Behavior\WriteHtmlCacheBehavior [ RunTime:0.000204s ]
INFO: [ view_filter ] --END-- [ RunTime:0.000248s ]
INFO: [ app_end ] --START--
INFO: Run Behavior\ShowPageTraceBehavior [ RunTime:0.000542s ]
INFO: [ app_end ] --END-- [ RunTime:0.000605s ]

[ 2016-12-08T21:55:12+08:00 ] ::1 /shetuan/index.php/Admin/Superadmin/showinstitution.html
INFO: [ app_init ] --START--
INFO: Run Behavior\BuildLiteBehavior [ RunTime:0.000008s ]
INFO: [ app_init ] --END-- [ RunTime:0.000162s ]
INFO: [ app_begin ] --START--
INFO: Run Behavior\ReadHtmlCacheBehavior [ RunTime:0.000207s ]
INFO: [ app_begin ] --END-- [ RunTime:0.000231s ]
INFO: [ view_parse ] --START--
INFO: [ template_filter ] --START--
INFO: Run Behavior\ContentReplaceBehavior [ RunTime:0.000165s ]
INFO: [ template_filter ] --END-- [ RunTime:0.000339s ]
INFO: Run Behavior\ParseTemplateBehavior [ RunTime:0.015934s ]
INFO: [ view_parse ] --END-- [ RunTime:0.016002s ]
INFO: [ view_filter ] --START--
INFO: Run Behavior\WriteHtmlCacheBehavior [ RunTime:0.000200s ]
INFO: [ view_filter ] --END-- [ RunTime:0.000245s ]
INFO: [ app_end ] --START--
INFO: Run Behavior\ShowPageTraceBehavior [ RunTime:0.000539s ]
INFO: [ app_end ] --END-- [ RunTime:0.000590s ]

[ 2016-12-08T21:55:13+08:00 ] ::1 /shetuan/index.php/Admin/Superadmin/showattendace.html
INFO: [ app_init ] --START--
INFO: Run Behavior\BuildLiteBehavior [ RunTime:0.000008s ]
INFO: [ app_init ] --END-- [ RunTime:0.000166s ]
INFO: [ app_begin ] --START--
INFO: Run Behavior\ReadHtmlCacheBehavior [ RunTime:0.000206s ]
INFO: [ app_begin ] --END-- [ RunTime:0.000230s ]
INFO: [ view_parse ] --START--
INFO: [ template_filter ] --START--
INFO: Run Behavior\ContentReplaceBehavior [ RunTime:0.000031s ]
INFO: [ template_filter ] --END-- [ RunTime:0.000076s ]
INFO: Run Behavior\ParseTemplateBehavior [ RunTime:0.005672s ]
INFO: [ view_parse ] --END-- [ RunTime:0.005713s ]
INFO: [ view_filter ] --START--
INFO: Run Behavior\WriteHtmlCacheBehavior [ RunTime:0.000106s ]
INFO: [ view_filter ] --END-- [ RunTime:0.000127s ]
INFO: [ app_end ] --START--
INFO: Run Behavior\ShowPageTraceBehavior [ RunTime:0.000561s ]
INFO: [ app_end ] --END-- [ RunTime:0.000610s ]

[ 2016-12-08T21:55:16+08:00 ] ::1 /shetuan/index.php/Admin/Superadmin/showuser.html
INFO: [ app_init ] --START--
INFO: Run Behavior\BuildLiteBehavior [ RunTime:0.000014s ]
INFO: [ app_init ] --END-- [ RunTime:0.000481s ]
INFO: [ app_begin ] --START--
INFO: Run Behavior\ReadHtmlCacheBehavior [ RunTime:0.000365s ]
INFO: [ app_begin ] --END-- [ RunTime:0.000405s ]
INFO: [ view_parse ] --START--
INFO: [ template_filter ] --START--
INFO: Run Behavior\ContentReplaceBehavior [ RunTime:0.000038s ]
INFO: [ template_filter ] --END-- [ RunTime:0.000096s ]
INFO: Run Behavior\ParseTemplateBehavior [ RunTime:0.004820s ]
INFO: [ view_parse ] --END-- [ RunTime:0.004856s ]
INFO: [ view_filter ] --START--
INFO: Run Behavior\WriteHtmlCacheBehavior [ RunTime:0.000090s ]
INFO: [ view_filter ] --END-- [ RunTime:0.000109s ]
INFO: [ app_end ] --START--
INFO: Run Behavior\ShowPageTraceBehavior [ RunTime:0.000256s ]
INFO: [ app_end ] --END-- [ RunTime:0.000279s ]

[ 2016-12-08T21:55:19+08:00 ] ::1 /shetuan/index.php/Admin/Superadmin/showactivity.html
INFO: [ app_init ] --START--
INFO: Run Behavior\BuildLiteBehavior [ RunTime:0.000009s ]
INFO: [ app_init ] --END-- [ RunTime:0.000204s ]
INFO: [ app_begin ] --START--
INFO: Run Behavior\ReadHtmlCacheBehavior [ RunTime:0.000239s ]
INFO: [ app_begin ] --END-- [ RunTime:0.000267s ]
SQL: SHOW COLUMNS FROM `st_activity_apply` [ RunTime:0.0040s ]
SQL: SELECT `activityapplyname`,`activitytime`,`activityapplyaddr`,`activityapplycontent`,`activityapplytime`,`departname` FROM `st_activity_apply` LEFT JOIN st_depart_info ON st_activity_apply.departId = st_depart_info.departId   [ RunTime:0.0005s ]
INFO: [ view_parse ] --START--
INFO: [ template_filter ] --START--
INFO: Run Behavior\ContentReplaceBehavior [ RunTime:0.000026s ]
INFO: [ template_filter ] --END-- [ RunTime:0.000060s ]
NOTIC: [8] Undefined index: departapplyid /Users/tao/PhpSites/shetuan/Application/Runtime/Cache/Admin/08d09bf975756b5767d75991b10837e3.php 第 33 行.
NOTIC: [8] Undefined index: departapplyid /Users/tao/PhpSites/shetuan/Application/Runtime/Cache/Admin/08d09bf975756b5767d75991b10837e3.php 第 33 行.
NOTIC: [8] Undefined index: departapplyid /Users/tao/PhpSites/shetuan/Application/Runtime/Cache/Admin/08d09bf975756b5767d75991b10837e3.php 第 33 行.
INFO: Run Behavior\ParseTemplateBehavior [ RunTime:0.011567s ]
INFO: [ view_parse ] --END-- [ RunTime:0.011608s ]
INFO: [ view_filter ] --START--
INFO: Run Behavior\WriteHtmlCacheBehavior [ RunTime:0.000255s ]
INFO: [ view_filter ] --END-- [ RunTime:0.000357s ]
INFO: [ app_end ] --START--
INFO: Run Behavior\ShowPageTraceBehavior [ RunTime:0.000905s ]
INFO: [ app_end ] --END-- [ RunTime:0.000983s ]

[ 2016-12-08T21:56:09+08:00 ] ::1 /shetuan/index.php/Admin/Superadmin/agreeapply.html
INFO: [ app_init ] --START--
INFO: Run Behavior\BuildLiteBehavior [ RunTime:0.000007s ]
INFO: [ app_init ] --END-- [ RunTime:0.000162s ]
INFO: [ app_begin ] --START--
INFO: Run Behavior\ReadHtmlCacheBehavior [ RunTime:0.000203s ]
INFO: [ app_begin ] --END-- [ RunTime:0.000226s ]
SQL: SHOW COLUMNS FROM `st_depart_apply` [ RunTime:0.0305s ]
SQL: UPDATE `st_depart_apply` SET `departApplyStatus`='1' WHERE `departApplyId` = 0 [ RunTime:0.0049s ]

[ 2016-12-08T22:00:24+08:00 ] ::1 /shetuan/index.php/Admin/Superadmin/showactivity.html
INFO: [ app_init ] --START--
INFO: Run Behavior\BuildLiteBehavior [ RunTime:0.000025s ]
INFO: [ app_init ] --END-- [ RunTime:0.000584s ]
INFO: [ app_begin ] --START--
INFO: Run Behavior\ReadHtmlCacheBehavior [ RunTime:0.000758s ]
INFO: [ app_begin ] --END-- [ RunTime:0.000868s ]
SQL: SHOW COLUMNS FROM `st_activity_apply` [ RunTime:0.0033s ]
ERR: 1054:Unknown column 'departname，activityapplyid' in 'field list'
 [ SQL语句 ] : SELECT `activityapplyname`,`activitytime`,`activityapplyaddr`,`activityapplycontent`,`activityapplytime`,`departname，activityapplyid` FROM `st_activity_apply` LEFT JOIN st_depart_info ON st_activity_apply.departId = st_depart_info.departId  
ERR: 1054:Unknown column 'departname，activityapplyid' in 'field list'
 [ SQL语句 ] : SELECT `activityapplyname`,`activitytime`,`activityapplyaddr`,`activityapplycontent`,`activityapplytime`,`departname，activityapplyid` FROM `st_activity_apply` LEFT JOIN st_depart_info ON st_activity_apply.departId = st_depart_info.departId  

[ 2016-12-08T22:01:22+08:00 ] ::1 /shetuan/index.php/Admin/Superadmin/showactivity.html
INFO: [ app_init ] --START--
INFO: Run Behavior\BuildLiteBehavior [ RunTime:0.000008s ]
INFO: [ app_init ] --END-- [ RunTime:0.000169s ]
INFO: [ app_begin ] --START--
INFO: Run Behavior\ReadHtmlCacheBehavior [ RunTime:0.000685s ]
INFO: [ app_begin ] --END-- [ RunTime:0.000738s ]
SQL: SHOW COLUMNS FROM `st_activity_apply` [ RunTime:0.0009s ]
SQL: SELECT `activityapplyname`,`activitytime`,`activityapplyaddr`,`activityapplycontent`,`activityapplytime`,`departname` FROM `st_activity_apply` LEFT JOIN st_depart_info ON st_activity_apply.departId = st_depart_info.departId   [ RunTime:0.0020s ]
INFO: [ view_parse ] --START--
INFO: [ template_filter ] --START--
INFO: Run Behavior\ContentReplaceBehavior [ RunTime:0.000025s ]
INFO: [ template_filter ] --END-- [ RunTime:0.000056s ]
NOTIC: [8] Undefined index: activityapplyid /Users/tao/PhpSites/shetuan/Application/Runtime/Cache/Admin/08d09bf975756b5767d75991b10837e3.php 第 33 行.
NOTIC: [8] Undefined index: activityapplyid /Users/tao/PhpSites/shetuan/Application/Runtime/Cache/Admin/08d09bf975756b5767d75991b10837e3.php 第 33 行.
NOTIC: [8] Undefined index: activityapplyid /Users/tao/PhpSites/shetuan/Application/Runtime/Cache/Admin/08d09bf975756b5767d75991b10837e3.php 第 33 行.
INFO: Run Behavior\ParseTemplateBehavior [ RunTime:0.009557s ]
INFO: [ view_parse ] --END-- [ RunTime:0.009588s ]
INFO: [ view_filter ] --START--
INFO: Run Behavior\WriteHtmlCacheBehavior [ RunTime:0.000115s ]
INFO: [ view_filter ] --END-- [ RunTime:0.000185s ]
INFO: [ app_end ] --START--
INFO: Run Behavior\ShowPageTraceBehavior [ RunTime:0.000295s ]
INFO: [ app_end ] --END-- [ RunTime:0.000319s ]

[ 2016-12-08T22:01:27+08:00 ] ::1 /shetuan/index.php/Admin/Superadmin/showactivity.html
INFO: [ app_init ] --START--
INFO: Run Behavior\BuildLiteBehavior [ RunTime:0.000016s ]
INFO: [ app_init ] --END-- [ RunTime:0.000244s ]
INFO: [ app_begin ] --START--
INFO: Run Behavior\ReadHtmlCacheBehavior [ RunTime:0.001060s ]
INFO: [ app_begin ] --END-- [ RunTime:0.001182s ]
SQL: SHOW COLUMNS FROM `st_activity_apply` [ RunTime:0.0005s ]
SQL: SELECT `activityapplyname`,`activitytime`,`activityapplyaddr`,`activityapplycontent`,`activityapplytime`,`departname`,`activityapplyid` FROM `st_activity_apply` LEFT JOIN st_depart_info ON st_activity_apply.departId = st_depart_info.departId   [ RunTime:0.0003s ]
INFO: [ view_parse ] --START--
INFO: [ template_filter ] --START--
INFO: Run Behavior\ContentReplaceBehavior [ RunTime:0.000101s ]
INFO: [ template_filter ] --END-- [ RunTime:0.000166s ]
INFO: Run Behavior\ParseTemplateBehavior [ RunTime:0.008938s ]
INFO: [ view_parse ] --END-- [ RunTime:0.008975s ]
INFO: [ view_filter ] --START--
INFO: Run Behavior\WriteHtmlCacheBehavior [ RunTime:0.000098s ]
INFO: [ view_filter ] --END-- [ RunTime:0.000120s ]
INFO: [ app_end ] --START--
INFO: Run Behavior\ShowPageTraceBehavior [ RunTime:0.000301s ]
INFO: [ app_end ] --END-- [ RunTime:0.000328s ]

[ 2016-12-08T22:01:29+08:00 ] ::1 /shetuan/index.php/Admin/Superadmin/showactivity.html
INFO: [ app_init ] --START--
INFO: Run Behavior\BuildLiteBehavior [ RunTime:0.000007s ]
INFO: [ app_init ] --END-- [ RunTime:0.000164s ]
INFO: [ app_begin ] --START--
INFO: Run Behavior\ReadHtmlCacheBehavior [ RunTime:0.000212s ]
INFO: [ app_begin ] --END-- [ RunTime:0.000234s ]
SQL: SHOW COLUMNS FROM `st_activity_apply` [ RunTime:0.0021s ]
SQL: SELECT `activityapplyname`,`activitytime`,`activityapplyaddr`,`activityapplycontent`,`activityapplytime`,`departname`,`activityapplyid` FROM `st_activity_apply` LEFT JOIN st_depart_info ON st_activity_apply.departId = st_depart_info.departId   [ RunTime:0.0003s ]
INFO: [ view_parse ] --START--
INFO: [ template_filter ] --START--
INFO: Run Behavior\ContentReplaceBehavior [ RunTime:0.000023s ]
INFO: [ template_filter ] --END-- [ RunTime:0.000054s ]
INFO: Run Behavior\ParseTemplateBehavior [ RunTime:0.010241s ]
INFO: [ view_parse ] --END-- [ RunTime:0.010294s ]
INFO: [ view_filter ] --START--
INFO: Run Behavior\WriteHtmlCacheBehavior [ RunTime:0.000159s ]
INFO: [ view_filter ] --END-- [ RunTime:0.000192s ]
INFO: [ app_end ] --START--
INFO: Run Behavior\ShowPageTraceBehavior [ RunTime:0.000417s ]
INFO: [ app_end ] --END-- [ RunTime:0.000454s ]

[ 2016-12-08T22:01:33+08:00 ] ::1 /shetuan/index.php/Admin/Superadmin/showactivity.html
INFO: [ app_init ] --START--
INFO: Run Behavior\BuildLiteBehavior [ RunTime:0.000006s ]
INFO: [ app_init ] --END-- [ RunTime:0.000157s ]
INFO: [ app_begin ] --START--
INFO: Run Behavior\ReadHtmlCacheBehavior [ RunTime:0.000202s ]
INFO: [ app_begin ] --END-- [ RunTime:0.000224s ]
SQL: SHOW COLUMNS FROM `st_activity_apply` [ RunTime:0.0020s ]
SQL: SELECT `activityapplyname`,`activitytime`,`activityapplyaddr`,`activityapplycontent`,`activityapplytime`,`departname`,`activityapplyid` FROM `st_activity_apply` LEFT JOIN st_depart_info ON st_activity_apply.departId = st_depart_info.departId   [ RunTime:0.0003s ]
INFO: [ view_parse ] --START--
INFO: [ template_filter ] --START--
INFO: Run Behavior\ContentReplaceBehavior [ RunTime:0.000022s ]
INFO: [ template_filter ] --END-- [ RunTime:0.000046s ]
INFO: Run Behavior\ParseTemplateBehavior [ RunTime:0.010177s ]
INFO: [ view_parse ] --END-- [ RunTime:0.010227s ]
INFO: [ view_filter ] --START--
INFO: Run Behavior\WriteHtmlCacheBehavior [ RunTime:0.000158s ]
INFO: [ view_filter ] --END-- [ RunTime:0.000193s ]
INFO: [ app_end ] --START--
INFO: Run Behavior\ShowPageTraceBehavior [ RunTime:0.000419s ]
INFO: [ app_end ] --END-- [ RunTime:0.000458s ]

[ 2016-12-08T22:02:20+08:00 ] ::1 /shetuan/index.php/Admin/Superadmin/showactivity.html
INFO: [ app_init ] --START--
INFO: Run Behavior\BuildLiteBehavior [ RunTime:0.000035s ]
INFO: [ app_init ] --END-- [ RunTime:0.000501s ]
INFO: [ app_begin ] --START--
INFO: Run Behavior\ReadHtmlCacheBehavior [ RunTime:0.000815s ]
INFO: [ app_begin ] --END-- [ RunTime:0.000919s ]
SQL: SHOW COLUMNS FROM `st_activity_apply` [ RunTime:0.0008s ]
SQL: SELECT `activityapplyname`,`activitytime`,`activityapplyaddr`,`activityapplycontent`,`activityapplytime`,`departname`,`activityapplyid` FROM `st_activity_apply` LEFT JOIN st_depart_info ON st_activity_apply.departId = st_depart_info.departId   [ RunTime:0.0022s ]
INFO: [ view_parse ] --START--
INFO: [ template_filter ] --START--
INFO: Run Behavior\ContentReplaceBehavior [ RunTime:0.000077s ]
INFO: [ template_filter ] --END-- [ RunTime:0.000151s ]
INFO: Run Behavior\ParseTemplateBehavior [ RunTime:0.017666s ]
INFO: [ view_parse ] --END-- [ RunTime:0.017736s ]
INFO: [ view_filter ] --START--
INFO: Run Behavior\WriteHtmlCacheBehavior [ RunTime:0.000173s ]
INFO: [ view_filter ] --END-- [ RunTime:0.000218s ]
INFO: [ app_end ] --START--
INFO: Run Behavior\ShowPageTraceBehavior [ RunTime:0.003226s ]
INFO: [ app_end ] --END-- [ RunTime:0.003333s ]

[ 2016-12-08T22:02:34+08:00 ] ::1 /shetuan/index.php/Admin/Superadmin/showactivity.html
INFO: [ app_init ] --START--
INFO: Run Behavior\BuildLiteBehavior [ RunTime:0.000033s ]
INFO: [ app_init ] --END-- [ RunTime:0.000439s ]
INFO: [ app_begin ] --START--
INFO: Run Behavior\ReadHtmlCacheBehavior [ RunTime:0.000887s ]
INFO: [ app_begin ] --END-- [ RunTime:0.000957s ]
SQL: SHOW COLUMNS FROM `st_activity_apply` [ RunTime:0.0005s ]
SQL: SELECT `activityapplyname`,`activitytime`,`activityapplyaddr`,`activityapplycontent`,`activityapplytime`,`departname`,`activityapplyid` FROM `st_activity_apply` LEFT JOIN st_depart_info ON st_activity_apply.departId = st_depart_info.departId   [ RunTime:0.0003s ]
INFO: [ view_parse ] --START--
INFO: [ template_filter ] --START--
INFO: Run Behavior\ContentReplaceBehavior [ RunTime:0.000028s ]
INFO: [ template_filter ] --END-- [ RunTime:0.000064s ]
INFO: Run Behavior\ParseTemplateBehavior [ RunTime:0.009409s ]
INFO: [ view_parse ] --END-- [ RunTime:0.009448s ]
INFO: [ view_filter ] --START--
INFO: Run Behavior\WriteHtmlCacheBehavior [ RunTime:0.000098s ]
INFO: [ view_filter ] --END-- [ RunTime:0.000121s ]
INFO: [ app_end ] --START--
INFO: Run Behavior\ShowPageTraceBehavior [ RunTime:0.000265s ]
INFO: [ app_end ] --END-- [ RunTime:0.000290s ]

[ 2016-12-08T22:03:00+08:00 ] ::1 /shetuan/index.php/Admin/Superadmin/showactivity.html
INFO: [ app_init ] --START--
INFO: Run Behavior\BuildLiteBehavior [ RunTime:0.000014s ]
INFO: [ app_init ] --END-- [ RunTime:0.000383s ]
INFO: [ app_begin ] --START--
INFO: Run Behavior\ReadHtmlCacheBehavior [ RunTime:0.000531s ]
INFO: [ app_begin ] --END-- [ RunTime:0.000583s ]
SQL: SHOW COLUMNS FROM `st_activity_apply` [ RunTime:0.0008s ]
SQL: SELECT `activityapplyname`,`activitytime`,`activityapplyaddr`,`activityapplycontent`,`activityapplytime`,`departname`,`activityapplyid` FROM `st_activity_apply` LEFT JOIN st_depart_info ON st_activity_apply.departId = st_depart_info.departId   [ RunTime:0.0010s ]
INFO: [ view_parse ] --START--
INFO: [ template_filter ] --START--
INFO: Run Behavior\ContentReplaceBehavior [ RunTime:0.000084s ]
INFO: [ template_filter ] --END-- [ RunTime:0.000194s ]
INFO: Run Behavior\ParseTemplateBehavior [ RunTime:0.013302s ]
INFO: [ view_parse ] --END-- [ RunTime:0.013433s ]
INFO: [ view_filter ] --START--
INFO: Run Behavior\WriteHtmlCacheBehavior [ RunTime:0.000252s ]
INFO: [ view_filter ] --END-- [ RunTime:0.000352s ]
INFO: [ app_end ] --START--
INFO: Run Behavior\ShowPageTraceBehavior [ RunTime:0.001693s ]
INFO: [ app_end ] --END-- [ RunTime:0.001752s ]

[ 2016-12-08T22:03:09+08:00 ] ::1 /shetuan/index.php/Admin/Superadmin/showactivity.html
INFO: [ app_init ] --START--
INFO: Run Behavior\BuildLiteBehavior [ RunTime:0.000016s ]
INFO: [ app_init ] --END-- [ RunTime:0.000328s ]
INFO: [ app_begin ] --START--
INFO: Run Behavior\ReadHtmlCacheBehavior [ RunTime:0.000319s ]
INFO: [ app_begin ] --END-- [ RunTime:0.000353s ]
SQL: SHOW COLUMNS FROM `st_activity_apply` [ RunTime:0.0006s ]
SQL: SELECT `activityapplyname`,`activitytime`,`activityapplyaddr`,`activityapplycontent`,`activityapplytime`,`departname`,`activityapplyid` FROM `st_activity_apply` LEFT JOIN st_depart_info ON st_activity_apply.departId = st_depart_info.departId   [ RunTime:0.0006s ]
INFO: [ view_parse ] --START--
INFO: [ template_filter ] --START--
INFO: Run Behavior\ContentReplaceBehavior [ RunTime:0.000023s ]
INFO: [ template_filter ] --END-- [ RunTime:0.000051s ]
INFO: Run Behavior\ParseTemplateBehavior [ RunTime:0.003524s ]
INFO: [ view_parse ] --END-- [ RunTime:0.003559s ]
INFO: [ view_filter ] --START--
INFO: Run Behavior\WriteHtmlCacheBehavior [ RunTime:0.000078s ]
INFO: [ view_filter ] --END-- [ RunTime:0.000184s ]
INFO: [ app_end ] --START--
INFO: Run Behavior\ShowPageTraceBehavior [ RunTime:0.000431s ]
INFO: [ app_end ] --END-- [ RunTime:0.000471s ]

[ 2016-12-08T22:08:40+08:00 ] ::1 /shetuan/index.php/Admin/Superadmin/showactivity.html
INFO: [ app_init ] --START--
INFO: Run Behavior\BuildLiteBehavior [ RunTime:0.000014s ]
INFO: [ app_init ] --END-- [ RunTime:0.000335s ]
INFO: [ app_begin ] --START--
INFO: Run Behavior\ReadHtmlCacheBehavior [ RunTime:0.000434s ]
INFO: [ app_begin ] --END-- [ RunTime:0.000489s ]
SQL: SHOW COLUMNS FROM `st_activity_apply` [ RunTime:0.0004s ]
SQL: SELECT `activityapplyname`,`activitytime`,`activityapplyaddr`,`activityapplycontent`,`activityapplytime`,`departname`,`activityapplyid` FROM `st_activity_apply` LEFT JOIN st_depart_info ON st_activity_apply.departId = st_depart_info.departId  WHERE ( activityApplyStatus=0 )  [ RunTime:0.0020s ]
INFO: [ view_parse ] --START--
INFO: [ template_filter ] --START--
INFO: Run Behavior\ContentReplaceBehavior [ RunTime:0.000127s ]
INFO: [ template_filter ] --END-- [ RunTime:0.000234s ]
INFO: Run Behavior\ParseTemplateBehavior [ RunTime:0.014285s ]
INFO: [ view_parse ] --END-- [ RunTime:0.014360s ]
INFO: [ view_filter ] --START--
INFO: Run Behavior\WriteHtmlCacheBehavior [ RunTime:0.000218s ]
INFO: [ view_filter ] --END-- [ RunTime:0.000320s ]
INFO: [ app_end ] --START--
INFO: Run Behavior\ShowPageTraceBehavior [ RunTime:0.002618s ]
INFO: [ app_end ] --END-- [ RunTime:0.002709s ]

[ 2016-12-08T22:08:48+08:00 ] ::1 /shetuan/index.php/Admin/Superadmin/showactivity.html
INFO: [ app_init ] --START--
INFO: Run Behavior\BuildLiteBehavior [ RunTime:0.000011s ]
INFO: [ app_init ] --END-- [ RunTime:0.000316s ]
INFO: [ app_begin ] --START--
INFO: Run Behavior\ReadHtmlCacheBehavior [ RunTime:0.000375s ]
INFO: [ app_begin ] --END-- [ RunTime:0.000429s ]
SQL: SHOW COLUMNS FROM `st_activity_apply` [ RunTime:0.0005s ]
SQL: SELECT `activityapplyname`,`activitytime`,`activityapplyaddr`,`activityapplycontent`,`activityapplytime`,`departname`,`activityapplyid` FROM `st_activity_apply` LEFT JOIN st_depart_info ON st_activity_apply.departId = st_depart_info.departId  WHERE ( activityApplyStatus=0 )  [ RunTime:0.0004s ]
INFO: [ view_parse ] --START--
INFO: [ template_filter ] --START--
INFO: Run Behavior\ContentReplaceBehavior [ RunTime:0.000028s ]
INFO: [ template_filter ] --END-- [ RunTime:0.000066s ]
INFO: Run Behavior\ParseTemplateBehavior [ RunTime:0.006623s ]
INFO: [ view_parse ] --END-- [ RunTime:0.006660s ]
INFO: [ view_filter ] --START--
INFO: Run Behavior\WriteHtmlCacheBehavior [ RunTime:0.000100s ]
INFO: [ view_filter ] --END-- [ RunTime:0.000118s ]
INFO: [ app_end ] --START--
INFO: Run Behavior\ShowPageTraceBehavior [ RunTime:0.000264s ]
INFO: [ app_end ] --END-- [ RunTime:0.000289s ]

[ 2016-12-08T22:08:49+08:00 ] ::1 /shetuan/index.php/Admin/Superadmin/showactivity.html
INFO: [ app_init ] --START--
INFO: Run Behavior\BuildLiteBehavior [ RunTime:0.000008s ]
INFO: [ app_init ] --END-- [ RunTime:0.000163s ]
INFO: [ app_begin ] --START--
INFO: Run Behavior\ReadHtmlCacheBehavior [ RunTime:0.000209s ]
INFO: [ app_begin ] --END-- [ RunTime:0.000231s ]
SQL: SHOW COLUMNS FROM `st_activity_apply` [ RunTime:0.0009s ]
SQL: SELECT `activityapplyname`,`activitytime`,`activityapplyaddr`,`activityapplycontent`,`activityapplytime`,`departname`,`activityapplyid` FROM `st_activity_apply` LEFT JOIN st_depart_info ON st_activity_apply.departId = st_depart_info.departId  WHERE ( activityApplyStatus=0 )  [ RunTime:0.0006s ]
INFO: [ view_parse ] --START--
INFO: [ template_filter ] --START--
INFO: Run Behavior\ContentReplaceBehavior [ RunTime:0.000025s ]
INFO: [ template_filter ] --END-- [ RunTime:0.000055s ]
INFO: Run Behavior\ParseTemplateBehavior [ RunTime:0.004365s ]
INFO: [ view_parse ] --END-- [ RunTime:0.004415s ]
INFO: [ view_filter ] --START--
INFO: Run Behavior\WriteHtmlCacheBehavior [ RunTime:0.000085s ]
INFO: [ view_filter ] --END-- [ RunTime:0.000105s ]
INFO: [ app_end ] --START--
INFO: Run Behavior\ShowPageTraceBehavior [ RunTime:0.000233s ]
INFO: [ app_end ] --END-- [ RunTime:0.000254s ]

[ 2016-12-08T22:09:39+08:00 ] ::1 /shetuan/index.php/Admin/Superadmin/showactivity.html
INFO: [ app_init ] --START--
INFO: Run Behavior\BuildLiteBehavior [ RunTime:0.000053s ]
INFO: [ app_init ] --END-- [ RunTime:0.001283s ]
INFO: [ app_begin ] --START--
INFO: Run Behavior\ReadHtmlCacheBehavior [ RunTime:0.000601s ]
INFO: [ app_begin ] --END-- [ RunTime:0.000644s ]
SQL: SHOW COLUMNS FROM `st_activity_apply` [ RunTime:0.0016s ]
SQL: SELECT `activityapplyname`,`activitytime`,`activityapplyaddr`,`activityapplycontent`,`activityapplytime`,`departname`,`activityapplyid` FROM `st_activity_apply` LEFT JOIN st_depart_info ON st_activity_apply.departId = st_depart_info.departId  WHERE ( activityApplyStatus=0 )  [ RunTime:0.0007s ]
INFO: [ view_parse ] --START--
INFO: [ template_filter ] --START--
INFO: Run Behavior\ContentReplaceBehavior [ RunTime:0.000037s ]
INFO: [ template_filter ] --END-- [ RunTime:0.000103s ]
INFO: Run Behavior\ParseTemplateBehavior [ RunTime:0.012276s ]
INFO: [ view_parse ] --END-- [ RunTime:0.012349s ]
INFO: [ view_filter ] --START--
INFO: Run Behavior\WriteHtmlCacheBehavior [ RunTime:0.000335s ]
INFO: [ view_filter ] --END-- [ RunTime:0.000386s ]
INFO: [ app_end ] --START--
INFO: Run Behavior\ShowPageTraceBehavior [ RunTime:0.000682s ]
INFO: [ app_end ] --END-- [ RunTime:0.000742s ]

[ 2016-12-08T22:09:50+08:00 ] ::1 /shetuan/index.php/Admin/Superadmin/showactivity.html
INFO: [ app_init ] --START--
INFO: Run Behavior\BuildLiteBehavior [ RunTime:0.000018s ]
INFO: [ app_init ] --END-- [ RunTime:0.000290s ]
INFO: [ app_begin ] --START--
INFO: Run Behavior\ReadHtmlCacheBehavior [ RunTime:0.000505s ]
INFO: [ app_begin ] --END-- [ RunTime:0.000566s ]
SQL: SHOW COLUMNS FROM `st_activity_apply` [ RunTime:0.0005s ]
SQL: SELECT `activityapplyname`,`activitytime`,`activityapplyaddr`,`activityapplycontent`,`activityapplytime`,`departname`,`activityapplyid` FROM `st_activity_apply` LEFT JOIN st_depart_info ON st_activity_apply.departId = st_depart_info.departId  WHERE ( activityApplyStatus=0 )  [ RunTime:0.0004s ]
INFO: [ view_parse ] --START--
INFO: [ template_filter ] --START--
INFO: Run Behavior\ContentReplaceBehavior [ RunTime:0.000039s ]
INFO: [ template_filter ] --END-- [ RunTime:0.000089s ]
INFO: Run Behavior\ParseTemplateBehavior [ RunTime:0.008635s ]
INFO: [ view_parse ] --END-- [ RunTime:0.008697s ]
INFO: [ view_filter ] --START--
INFO: Run Behavior\WriteHtmlCacheBehavior [ RunTime:0.000151s ]
INFO: [ view_filter ] --END-- [ RunTime:0.000186s ]
INFO: [ app_end ] --START--
INFO: Run Behavior\ShowPageTraceBehavior [ RunTime:0.000587s ]
INFO: [ app_end ] --END-- [ RunTime:0.000631s ]

[ 2016-12-08T22:19:19+08:00 ] ::1 /shetuan/index.php/Admin/Superadmin/showactivity.html
INFO: [ app_init ] --START--
INFO: Run Behavior\BuildLiteBehavior [ RunTime:0.000008s ]
INFO: [ app_init ] --END-- [ RunTime:0.000166s ]
INFO: [ app_begin ] --START--
INFO: Run Behavior\ReadHtmlCacheBehavior [ RunTime:0.000400s ]
INFO: [ app_begin ] --END-- [ RunTime:0.000458s ]
SQL: SHOW COLUMNS FROM `st_activity_apply` [ RunTime:0.0005s ]
SQL: SELECT `activityapplyname`,`activitytime`,`activityapplyaddr`,`activityapplycontent`,`activityapplytime`,`departname`,`activityapplyid` FROM `st_activity_apply` LEFT JOIN st_depart_info ON st_activity_apply.departId = st_depart_info.departId  WHERE ( activityApplyStatus=0 )  [ RunTime:0.0003s ]
INFO: [ view_parse ] --START--
INFO: [ template_filter ] --START--
INFO: Run Behavior\ContentReplaceBehavior [ RunTime:0.000022s ]
INFO: [ template_filter ] --END-- [ RunTime:0.000047s ]
INFO: Run Behavior\ParseTemplateBehavior [ RunTime:0.003407s ]
INFO: [ view_parse ] --END-- [ RunTime:0.003437s ]
INFO: [ view_filter ] --START--
INFO: Run Behavior\WriteHtmlCacheBehavior [ RunTime:0.000082s ]
INFO: [ view_filter ] --END-- [ RunTime:0.000102s ]
INFO: [ app_end ] --START--
INFO: Run Behavior\ShowPageTraceBehavior [ RunTime:0.000233s ]
INFO: [ app_end ] --END-- [ RunTime:0.000257s ]

[ 2016-12-08T22:19:21+08:00 ] ::1 /shetuan/index.php/Admin/Superadmin/agreeactivityapply.html
INFO: [ app_init ] --START--
INFO: Run Behavior\BuildLiteBehavior [ RunTime:0.000008s ]
INFO: [ app_init ] --END-- [ RunTime:0.000170s ]
INFO: [ app_begin ] --START--
INFO: Run Behavior\ReadHtmlCacheBehavior [ RunTime:0.000221s ]
INFO: [ app_begin ] --END-- [ RunTime:0.000244s ]
SQL: SHOW COLUMNS FROM `st_activity_apply` [ RunTime:0.0005s ]
SQL: UPDATE `st_activity_apply` SET `activityApplyStatus`='1' WHERE `activityApplyId` = 1 [ RunTime:0.0018s ]
SQL: SELECT * FROM `st_activity_apply` WHERE `activityApplyId` = 1 LIMIT 1   [ RunTime:0.0004s ]
SQL: SHOW COLUMNS FROM `st_activity_info` [ RunTime:0.0006s ]
SQL: INSERT INTO `st_activity_info` (`departId`,`activityName`,`activityTime`,`activityAddr`,`activityContent`,`createTime`) VALUES ('1','6','66','6','6','2016-12-08 22:19:21') [ RunTime:0.0019s ]

[ 2016-12-08T22:19:27+08:00 ] ::1 /shetuan/index.php/Admin/Superadmin/agreeactivityapply.html
INFO: [ app_init ] --START--
INFO: Run Behavior\BuildLiteBehavior [ RunTime:0.000009s ]
INFO: [ app_init ] --END-- [ RunTime:0.000182s ]
INFO: [ app_begin ] --START--
INFO: Run Behavior\ReadHtmlCacheBehavior [ RunTime:0.000226s ]
INFO: [ app_begin ] --END-- [ RunTime:0.000252s ]
SQL: SHOW COLUMNS FROM `st_activity_apply` [ RunTime:0.0005s ]
SQL: UPDATE `st_activity_apply` SET `activityApplyStatus`='1' WHERE `activityApplyId` = 3 [ RunTime:0.0028s ]
SQL: SELECT * FROM `st_activity_apply` WHERE `activityApplyId` = 3 LIMIT 1   [ RunTime:0.0004s ]
SQL: SHOW COLUMNS FROM `st_activity_info` [ RunTime:0.0004s ]
SQL: INSERT INTO `st_activity_info` (`departId`,`activityName`,`activityTime`,`activityAddr`,`activityContent`,`createTime`) VALUES ('1','7','7','77','7','2016-12-08 22:19:27') [ RunTime:0.0016s ]

[ 2016-12-08T22:21:21+08:00 ] ::1 /shetuan/index.php/Admin/Superadmin/showactivity.html
INFO: [ app_init ] --START--
INFO: Run Behavior\BuildLiteBehavior [ RunTime:0.000009s ]
INFO: [ app_init ] --END-- [ RunTime:0.000198s ]
INFO: [ app_begin ] --START--
INFO: Run Behavior\ReadHtmlCacheBehavior [ RunTime:0.000275s ]
INFO: [ app_begin ] --END-- [ RunTime:0.000349s ]
SQL: SHOW COLUMNS FROM `st_activity_apply` [ RunTime:0.0007s ]
SQL: SELECT `activityapplyname`,`activitytime`,`activityapplyaddr`,`activityapplycontent`,`activityapplytime`,`departname`,`activityapplyid` FROM `st_activity_apply` LEFT JOIN st_depart_info ON st_activity_apply.departId = st_depart_info.departId  WHERE ( activityApplyStatus=0 )  [ RunTime:0.0005s ]
INFO: [ view_parse ] --START--
INFO: [ template_filter ] --START--
INFO: Run Behavior\ContentReplaceBehavior [ RunTime:0.000030s ]
INFO: [ template_filter ] --END-- [ RunTime:0.000067s ]
INFO: Run Behavior\ParseTemplateBehavior [ RunTime:0.006096s ]
INFO: [ view_parse ] --END-- [ RunTime:0.006157s ]
INFO: [ view_filter ] --START--
INFO: Run Behavior\WriteHtmlCacheBehavior [ RunTime:0.000108s ]
INFO: [ view_filter ] --END-- [ RunTime:0.000146s ]
INFO: [ app_end ] --START--
INFO: Run Behavior\ShowPageTraceBehavior [ RunTime:0.000565s ]
INFO: [ app_end ] --END-- [ RunTime:0.000645s ]

[ 2016-12-08T22:21:22+08:00 ] ::1 /shetuan/index.php/Admin/Superadmin/disagreeactivityapply.html
INFO: [ app_init ] --START--
INFO: Run Behavior\BuildLiteBehavior [ RunTime:0.000008s ]
INFO: [ app_init ] --END-- [ RunTime:0.000181s ]
INFO: [ app_begin ] --START--
INFO: Run Behavior\ReadHtmlCacheBehavior [ RunTime:0.000280s ]
INFO: [ app_begin ] --END-- [ RunTime:0.000313s ]
SQL: SHOW COLUMNS FROM `st_activity_apply` [ RunTime:0.0005s ]
SQL: UPDATE `st_activity_apply` SET `activityApplyStatus`='2' WHERE `activityApplyId` = 2 [ RunTime:0.0013s ]

[ 2016-12-08T22:25:38+08:00 ] ::1 /shetuan/index.php/Admin/Superadmin/showactivity.html
INFO: [ app_init ] --START--
INFO: Run Behavior\BuildLiteBehavior [ RunTime:0.000007s ]
INFO: [ app_init ] --END-- [ RunTime:0.000166s ]
INFO: [ app_begin ] --START--
INFO: Run Behavior\ReadHtmlCacheBehavior [ RunTime:0.000207s ]
INFO: [ app_begin ] --END-- [ RunTime:0.000231s ]
SQL: SHOW COLUMNS FROM `st_activity_apply` [ RunTime:0.0005s ]
SQL: SELECT `activityapplyname`,`activitytime`,`activityapplyaddr`,`activityapplycontent`,`activityapplytime`,`departname`,`activityapplyid` FROM `st_activity_apply` LEFT JOIN st_depart_info ON st_activity_apply.departId = st_depart_info.departId  WHERE ( activityApplyStatus=0 )  [ RunTime:0.0003s ]
INFO: [ view_parse ] --START--
INFO: [ template_filter ] --START--
INFO: Run Behavior\ContentReplaceBehavior [ RunTime:0.000023s ]
INFO: [ template_filter ] --END-- [ RunTime:0.000053s ]
INFO: Run Behavior\ParseTemplateBehavior [ RunTime:0.004976s ]
INFO: [ view_parse ] --END-- [ RunTime:0.005008s ]
INFO: [ view_filter ] --START--
INFO: Run Behavior\WriteHtmlCacheBehavior [ RunTime:0.000083s ]
INFO: [ view_filter ] --END-- [ RunTime:0.000100s ]
INFO: [ app_end ] --START--
INFO: Run Behavior\ShowPageTraceBehavior [ RunTime:0.000237s ]
INFO: [ app_end ] --END-- [ RunTime:0.000258s ]

[ 2016-12-08T22:26:32+08:00 ] ::1 /shetuan/index.php/Admin/Superadmin/showactivity.html
INFO: [ app_init ] --START--
INFO: Run Behavior\BuildLiteBehavior [ RunTime:0.000011s ]
INFO: [ app_init ] --END-- [ RunTime:0.000306s ]
INFO: [ app_begin ] --START--
INFO: Run Behavior\ReadHtmlCacheBehavior [ RunTime:0.000589s ]
INFO: [ app_begin ] --END-- [ RunTime:0.000638s ]
SQL: SHOW COLUMNS FROM `st_activity_apply` [ RunTime:0.0009s ]
SQL: SELECT `activityapplyname`,`activitytime`,`activityapplyaddr`,`activityapplycontent`,`activityapplytime`,`departname`,`activityapplyid` FROM `st_activity_apply` LEFT JOIN st_depart_info ON st_activity_apply.departId = st_depart_info.departId  WHERE ( activityApplyStatus=0 )  [ RunTime:0.0005s ]
INFO: [ view_parse ] --START--
INFO: [ template_filter ] --START--
INFO: Run Behavior\ContentReplaceBehavior [ RunTime:0.000074s ]
INFO: [ template_filter ] --END-- [ RunTime:0.000209s ]
INFO: Run Behavior\ParseTemplateBehavior [ RunTime:0.008873s ]
INFO: [ view_parse ] --END-- [ RunTime:0.008932s ]
INFO: [ view_filter ] --START--
INFO: Run Behavior\WriteHtmlCacheBehavior [ RunTime:0.002236s ]
INFO: [ view_filter ] --END-- [ RunTime:0.002304s ]
INFO: [ app_end ] --START--
INFO: Run Behavior\ShowPageTraceBehavior [ RunTime:0.002797s ]
INFO: [ app_end ] --END-- [ RunTime:0.002874s ]

[ 2016-12-08T22:27:13+08:00 ] ::1 /shetuan/index.php/Admin/Superadmin/showactivity.html
INFO: [ app_init ] --START--
INFO: Run Behavior\BuildLiteBehavior [ RunTime:0.000012s ]
INFO: [ app_init ] --END-- [ RunTime:0.000275s ]
INFO: [ app_begin ] --START--
INFO: Run Behavior\ReadHtmlCacheBehavior [ RunTime:0.000576s ]
INFO: [ app_begin ] --END-- [ RunTime:0.000617s ]
SQL: SHOW COLUMNS FROM `st_activity_apply` [ RunTime:0.0012s ]
SQL: SELECT `activityapplyname`,`activitytime`,`activityapplyaddr`,`activityapplycontent`,`activityapplytime`,`departname`,`activityapplyid` FROM `st_activity_apply` LEFT JOIN st_depart_info ON st_activity_apply.departId = st_depart_info.departId  WHERE ( activityApplyStatus=0 )  [ RunTime:0.0004s ]
INFO: [ view_parse ] --START--
INFO: [ template_filter ] --START--
INFO: Run Behavior\ContentReplaceBehavior [ RunTime:0.000030s ]
INFO: [ template_filter ] --END-- [ RunTime:0.000092s ]
INFO: Run Behavior\ParseTemplateBehavior [ RunTime:0.025880s ]
INFO: [ view_parse ] --END-- [ RunTime:0.026146s ]
INFO: [ view_filter ] --START--
INFO: Run Behavior\WriteHtmlCacheBehavior [ RunTime:0.000223s ]
INFO: [ view_filter ] --END-- [ RunTime:0.000266s ]
INFO: [ app_end ] --START--
INFO: Run Behavior\ShowPageTraceBehavior [ RunTime:0.000542s ]
INFO: [ app_end ] --END-- [ RunTime:0.000681s ]

[ 2016-12-08T22:27:55+08:00 ] ::1 /shetuan/index.php/Admin/Superadmin/showactivity.html
INFO: [ app_init ] --START--
INFO: Run Behavior\BuildLiteBehavior [ RunTime:0.000015s ]
INFO: [ app_init ] --END-- [ RunTime:0.000985s ]
INFO: [ app_begin ] --START--
INFO: Run Behavior\ReadHtmlCacheBehavior [ RunTime:0.000697s ]
INFO: [ app_begin ] --END-- [ RunTime:0.000752s ]
SQL: SHOW COLUMNS FROM `st_activity_apply` [ RunTime:0.0007s ]
SQL: SELECT `activityapplyname`,`activitytime`,`activityapplyaddr`,`activityapplycontent`,`activityapplytime`,`departname`,`activityapplyid` FROM `st_activity_apply` LEFT JOIN st_depart_info ON st_activity_apply.departId = st_depart_info.departId  WHERE ( activityApplyStatus=0 )  [ RunTime:0.0004s ]
INFO: [ view_parse ] --START--
INFO: [ template_filter ] --START--
INFO: Run Behavior\ContentReplaceBehavior [ RunTime:0.000028s ]
INFO: [ template_filter ] --END-- [ RunTime:0.000065s ]
INFO: Run Behavior\ParseTemplateBehavior [ RunTime:0.008226s ]
INFO: [ view_parse ] --END-- [ RunTime:0.008263s ]
INFO: [ view_filter ] --START--
INFO: Run Behavior\WriteHtmlCacheBehavior [ RunTime:0.000102s ]
INFO: [ view_filter ] --END-- [ RunTime:0.000123s ]
INFO: [ app_end ] --START--
INFO: Run Behavior\ShowPageTraceBehavior [ RunTime:0.000526s ]
INFO: [ app_end ] --END-- [ RunTime:0.000567s ]

[ 2016-12-08T22:29:48+08:00 ] ::1 /shetuan/index.php/Admin/Superadmin/showactivity.html
INFO: [ app_init ] --START--
INFO: Run Behavior\BuildLiteBehavior [ RunTime:0.000009s ]
INFO: [ app_init ] --END-- [ RunTime:0.000193s ]
INFO: [ app_begin ] --START--
INFO: Run Behavior\ReadHtmlCacheBehavior [ RunTime:0.000242s ]
INFO: [ app_begin ] --END-- [ RunTime:0.000269s ]
SQL: SHOW COLUMNS FROM `st_activity_apply` [ RunTime:0.0005s ]
SQL: SELECT `activityapplyname`,`activitytime`,`activityapplyaddr`,`activityapplycontent`,`activityapplytime`,`departname`,`activityapplyid` FROM `st_activity_apply` LEFT JOIN st_depart_info ON st_activity_apply.departId = st_depart_info.departId  WHERE ( activityApplyStatus=0 )  [ RunTime:0.0004s ]
INFO: [ view_parse ] --START--
INFO: [ template_filter ] --START--
INFO: Run Behavior\ContentReplaceBehavior [ RunTime:0.000025s ]
INFO: [ template_filter ] --END-- [ RunTime:0.000055s ]
INFO: Run Behavior\ParseTemplateBehavior [ RunTime:0.003753s ]
INFO: [ view_parse ] --END-- [ RunTime:0.003783s ]
INFO: [ view_filter ] --START--
INFO: Run Behavior\WriteHtmlCacheBehavior [ RunTime:0.000086s ]
INFO: [ view_filter ] --END-- [ RunTime:0.000106s ]
INFO: [ app_end ] --START--
INFO: Run Behavior\ShowPageTraceBehavior [ RunTime:0.000238s ]
INFO: [ app_end ] --END-- [ RunTime:0.000263s ]

[ 2016-12-08T22:36:15+08:00 ] ::1 /shetuan/index.php/Admin/Superadmin/showactivity.html
INFO: [ app_init ] --START--
INFO: Run Behavior\BuildLiteBehavior [ RunTime:0.000007s ]
INFO: [ app_init ] --END-- [ RunTime:0.000165s ]
INFO: [ app_begin ] --START--
INFO: Run Behavior\ReadHtmlCacheBehavior [ RunTime:0.000207s ]
INFO: [ app_begin ] --END-- [ RunTime:0.000231s ]
SQL: SHOW COLUMNS FROM `st_activity_apply` [ RunTime:0.0006s ]
SQL: SELECT `activityapplyname`,`activitytime`,`activityapplyaddr`,`activityapplycontent`,`activityapplytime`,`departname`,`activityapplyid` FROM `st_activity_apply` LEFT JOIN st_depart_info ON st_activity_apply.departId = st_depart_info.departId  WHERE ( activityApplyStatus=0 )  [ RunTime:0.0007s ]
SQL: SHOW COLUMNS FROM `st_activity_info` [ RunTime:0.0005s ]
SQL: SELECT * FROM `st_activity_info` WHERE ( status=0 )  [ RunTime:0.0003s ]
INFO: [ view_parse ] --START--
INFO: [ template_filter ] --START--
INFO: Run Behavior\ContentReplaceBehavior [ RunTime:0.000025s ]
INFO: [ template_filter ] --END-- [ RunTime:0.000053s ]
NOTIC: [8] Undefined index: activityname /Users/tao/PhpSites/shetuan/Application/Runtime/Cache/Admin/08d09bf975756b5767d75991b10837e3.php 第 52 行.
NOTIC: [8] Undefined index: activityaddr /Users/tao/PhpSites/shetuan/Application/Runtime/Cache/Admin/08d09bf975756b5767d75991b10837e3.php 第 54 行.
NOTIC: [8] Undefined index: activitycontent /Users/tao/PhpSites/shetuan/Application/Runtime/Cache/Admin/08d09bf975756b5767d75991b10837e3.php 第 55 行.
NOTIC: [8] Undefined index: createtime /Users/tao/PhpSites/shetuan/Application/Runtime/Cache/Admin/08d09bf975756b5767d75991b10837e3.php 第 56 行.
NOTIC: [8] Undefined index: activityname /Users/tao/PhpSites/shetuan/Application/Runtime/Cache/Admin/08d09bf975756b5767d75991b10837e3.php 第 52 行.
NOTIC: [8] Undefined index: activityaddr /Users/tao/PhpSites/shetuan/Application/Runtime/Cache/Admin/08d09bf975756b5767d75991b10837e3.php 第 54 行.
NOTIC: [8] Undefined index: activitycontent /Users/tao/PhpSites/shetuan/Application/Runtime/Cache/Admin/08d09bf975756b5767d75991b10837e3.php 第 55 行.
NOTIC: [8] Undefined index: createtime /Users/tao/PhpSites/shetuan/Application/Runtime/Cache/Admin/08d09bf975756b5767d75991b10837e3.php 第 56 行.
NOTIC: [8] Undefined index: activityname /Users/tao/PhpSites/shetuan/Application/Runtime/Cache/Admin/08d09bf975756b5767d75991b10837e3.php 第 52 行.
NOTIC: [8] Undefined index: activityaddr /Users/tao/PhpSites/shetuan/Application/Runtime/Cache/Admin/08d09bf975756b5767d75991b10837e3.php 第 54 行.
NOTIC: [8] Undefined index: activitycontent /Users/tao/PhpSites/shetuan/Application/Runtime/Cache/Admin/08d09bf975756b5767d75991b10837e3.php 第 55 行.
NOTIC: [8] Undefined index: createtime /Users/tao/PhpSites/shetuan/Application/Runtime/Cache/Admin/08d09bf975756b5767d75991b10837e3.php 第 56 行.
INFO: Run Behavior\ParseTemplateBehavior [ RunTime:0.006537s ]
INFO: [ view_parse ] --END-- [ RunTime:0.006560s ]
INFO: [ view_filter ] --START--
INFO: Run Behavior\WriteHtmlCacheBehavior [ RunTime:0.000083s ]
INFO: [ view_filter ] --END-- [ RunTime:0.000101s ]
INFO: [ app_end ] --START--
INFO: Run Behavior\ShowPageTraceBehavior [ RunTime:0.000248s ]
INFO: [ app_end ] --END-- [ RunTime:0.000269s ]

[ 2016-12-08T22:36:27+08:00 ] ::1 /shetuan/index.php/Admin/Superadmin/showactivity.html
INFO: [ app_init ] --START--
INFO: Run Behavior\BuildLiteBehavior [ RunTime:0.000008s ]
INFO: [ app_init ] --END-- [ RunTime:0.000172s ]
INFO: [ app_begin ] --START--
INFO: Run Behavior\ReadHtmlCacheBehavior [ RunTime:0.000216s ]
INFO: [ app_begin ] --END-- [ RunTime:0.000240s ]
SQL: SHOW COLUMNS FROM `st_activity_apply` [ RunTime:0.0004s ]
SQL: SELECT `activityapplyname`,`activitytime`,`activityapplyaddr`,`activityapplycontent`,`activityapplytime`,`departname`,`activityapplyid` FROM `st_activity_apply` LEFT JOIN st_depart_info ON st_activity_apply.departId = st_depart_info.departId  WHERE ( activityApplyStatus=0 )  [ RunTime:0.0003s ]
SQL: SHOW COLUMNS FROM `st_activity_info` [ RunTime:0.0004s ]
SQL: SELECT * FROM `st_activity_info` WHERE ( status=0 )  [ RunTime:0.0003s ]
INFO: [ view_parse ] --START--
INFO: [ template_filter ] --START--
INFO: Run Behavior\ContentReplaceBehavior [ RunTime:0.000137s ]
INFO: [ template_filter ] --END-- [ RunTime:0.000217s ]
INFO: Run Behavior\ParseTemplateBehavior [ RunTime:0.005329s ]
INFO: [ view_parse ] --END-- [ RunTime:0.005394s ]
INFO: [ view_filter ] --START--
INFO: Run Behavior\WriteHtmlCacheBehavior [ RunTime:0.000134s ]
INFO: [ view_filter ] --END-- [ RunTime:0.000161s ]
INFO: [ app_end ] --START--
INFO: Run Behavior\ShowPageTraceBehavior [ RunTime:0.000418s ]
INFO: [ app_end ] --END-- [ RunTime:0.000453s ]

[ 2016-12-08T22:37:24+08:00 ] ::1 /shetuan/index.php/Admin/Superadmin/showactivity.html
INFO: [ app_init ] --START--
INFO: Run Behavior\BuildLiteBehavior [ RunTime:0.000008s ]
INFO: [ app_init ] --END-- [ RunTime:0.000172s ]
INFO: [ app_begin ] --START--
INFO: Run Behavior\ReadHtmlCacheBehavior [ RunTime:0.000217s ]
INFO: [ app_begin ] --END-- [ RunTime:0.000241s ]
SQL: SHOW COLUMNS FROM `st_activity_apply` [ RunTime:0.0005s ]
SQL: SELECT `activityapplyname`,`activitytime`,`activityapplyaddr`,`activityapplycontent`,`activityapplytime`,`departname`,`activityapplyid` FROM `st_activity_apply` LEFT JOIN st_depart_info ON st_activity_apply.departId = st_depart_info.departId  WHERE ( activityApplyStatus=0 )  [ RunTime:0.0005s ]
SQL: SHOW COLUMNS FROM `st_activity_info` [ RunTime:0.0007s ]
SQL: SELECT * FROM `st_activity_info` WHERE ( status=0 )  [ RunTime:0.0006s ]
INFO: [ view_parse ] --START--
INFO: [ template_filter ] --START--
INFO: Run Behavior\ContentReplaceBehavior [ RunTime:0.000052s ]
INFO: [ template_filter ] --END-- [ RunTime:0.000105s ]
INFO: Run Behavior\ParseTemplateBehavior [ RunTime:0.008136s ]
INFO: [ view_parse ] --END-- [ RunTime:0.008202s ]
INFO: [ view_filter ] --START--
INFO: Run Behavior\WriteHtmlCacheBehavior [ RunTime:0.000736s ]
INFO: [ view_filter ] --END-- [ RunTime:0.000776s ]
INFO: [ app_end ] --START--
INFO: Run Behavior\ShowPageTraceBehavior [ RunTime:0.001602s ]
INFO: [ app_end ] --END-- [ RunTime:0.001657s ]

[ 2016-12-08T22:37:28+08:00 ] ::1 /shetuan/index.php/Admin/Superadmin/showactivity.html
INFO: [ app_init ] --START--
INFO: Run Behavior\BuildLiteBehavior [ RunTime:0.000009s ]
INFO: [ app_init ] --END-- [ RunTime:0.000203s ]
INFO: [ app_begin ] --START--
INFO: Run Behavior\ReadHtmlCacheBehavior [ RunTime:0.000252s ]
INFO: [ app_begin ] --END-- [ RunTime:0.000278s ]
SQL: SHOW COLUMNS FROM `st_activity_apply` [ RunTime:0.0015s ]
SQL: SELECT `activityapplyname`,`activitytime`,`activityapplyaddr`,`activityapplycontent`,`activityapplytime`,`departname`,`activityapplyid` FROM `st_activity_apply` LEFT JOIN st_depart_info ON st_activity_apply.departId = st_depart_info.departId  WHERE ( activityApplyStatus=0 )  [ RunTime:0.0011s ]
SQL: SHOW COLUMNS FROM `st_activity_info` [ RunTime:0.0020s ]
SQL: SELECT * FROM `st_activity_info` WHERE ( status=0 )  [ RunTime:0.0004s ]
INFO: [ view_parse ] --START--
INFO: [ template_filter ] --START--
INFO: Run Behavior\ContentReplaceBehavior [ RunTime:0.000039s ]
INFO: [ template_filter ] --END-- [ RunTime:0.000092s ]
INFO: Run Behavior\ParseTemplateBehavior [ RunTime:0.016940s ]
INFO: [ view_parse ] --END-- [ RunTime:0.016980s ]
INFO: [ view_filter ] --START--
INFO: Run Behavior\WriteHtmlCacheBehavior [ RunTime:0.000108s ]
INFO: [ view_filter ] --END-- [ RunTime:0.000129s ]
INFO: [ app_end ] --START--
INFO: Run Behavior\ShowPageTraceBehavior [ RunTime:0.000781s ]
INFO: [ app_end ] --END-- [ RunTime:0.000827s ]

[ 2016-12-08T22:39:38+08:00 ] ::1 /shetuan/index.php/Admin/Superadmin/showactivity.html
INFO: [ app_init ] --START--
INFO: Run Behavior\BuildLiteBehavior [ RunTime:0.000009s ]
INFO: [ app_init ] --END-- [ RunTime:0.000192s ]
INFO: [ app_begin ] --START--
INFO: Run Behavior\ReadHtmlCacheBehavior [ RunTime:0.000314s ]
INFO: [ app_begin ] --END-- [ RunTime:0.000342s ]
SQL: SHOW COLUMNS FROM `st_activity_apply` [ RunTime:0.0007s ]
SQL: SELECT `activityapplyname`,`activitytime`,`activityapplyaddr`,`activityapplycontent`,`activityapplytime`,`departname`,`activityapplyid` FROM `st_activity_apply` LEFT JOIN st_depart_info ON st_activity_apply.departId = st_depart_info.departId  WHERE ( activityApplyStatus=0 )  [ RunTime:0.0004s ]
SQL: SHOW COLUMNS FROM `st_activity_info` [ RunTime:0.0005s ]
SQL: SELECT * FROM `st_activity_info`  [ RunTime:0.0003s ]
INFO: [ view_parse ] --START--
INFO: [ template_filter ] --START--
INFO: Run Behavior\ContentReplaceBehavior [ RunTime:0.000025s ]
INFO: [ template_filter ] --END-- [ RunTime:0.000052s ]
INFO: Run Behavior\ParseTemplateBehavior [ RunTime:0.004352s ]
INFO: [ view_parse ] --END-- [ RunTime:0.004393s ]
INFO: [ view_filter ] --START--
INFO: Run Behavior\WriteHtmlCacheBehavior [ RunTime:0.000087s ]
INFO: [ view_filter ] --END-- [ RunTime:0.000106s ]
INFO: [ app_end ] --START--
INFO: Run Behavior\ShowPageTraceBehavior [ RunTime:0.000759s ]
INFO: [ app_end ] --END-- [ RunTime:0.000796s ]

[ 2016-12-08T22:39:55+08:00 ] ::1 /shetuan/index.php/Admin/Superadmin/showactivity.html
INFO: [ app_init ] --START--
INFO: Run Behavior\BuildLiteBehavior [ RunTime:0.000010s ]
INFO: [ app_init ] --END-- [ RunTime:0.000211s ]
INFO: [ app_begin ] --START--
INFO: Run Behavior\ReadHtmlCacheBehavior [ RunTime:0.000300s ]
INFO: [ app_begin ] --END-- [ RunTime:0.000331s ]
SQL: SHOW COLUMNS FROM `st_activity_apply` [ RunTime:0.0005s ]
SQL: SELECT `activityapplyname`,`activitytime`,`activityapplyaddr`,`activityapplycontent`,`activityapplytime`,`departname`,`activityapplyid` FROM `st_activity_apply` LEFT JOIN st_depart_info ON st_activity_apply.departId = st_depart_info.departId  WHERE ( activityApplyStatus=0 )  [ RunTime:0.0005s ]
SQL: SHOW COLUMNS FROM `st_activity_info` [ RunTime:0.0014s ]
SQL: SELECT * FROM `st_activity_info`  [ RunTime:0.0011s ]
INFO: [ view_parse ] --START--
INFO: [ template_filter ] --START--
INFO: Run Behavior\ContentReplaceBehavior [ RunTime:0.000031s ]
INFO: [ template_filter ] --END-- [ RunTime:0.000089s ]
INFO: Run Behavior\ParseTemplateBehavior [ RunTime:0.005537s ]
INFO: [ view_parse ] --END-- [ RunTime:0.005575s ]
INFO: [ view_filter ] --START--
INFO: Run Behavior\WriteHtmlCacheBehavior [ RunTime:0.000192s ]
INFO: [ view_filter ] --END-- [ RunTime:0.000217s ]
INFO: [ app_end ] --START--
INFO: Run Behavior\ShowPageTraceBehavior [ RunTime:0.000475s ]
INFO: [ app_end ] --END-- [ RunTime:0.000512s ]

[ 2016-12-08T22:40:01+08:00 ] ::1 /shetuan/index.php/Admin/Superadmin/showactivity.html
INFO: [ app_init ] --START--
INFO: Run Behavior\BuildLiteBehavior [ RunTime:0.000009s ]
INFO: [ app_init ] --END-- [ RunTime:0.000176s ]
INFO: [ app_begin ] --START--
INFO: Run Behavior\ReadHtmlCacheBehavior [ RunTime:0.000226s ]
INFO: [ app_begin ] --END-- [ RunTime:0.000250s ]
SQL: SHOW COLUMNS FROM `st_activity_apply` [ RunTime:0.0004s ]
SQL: SELECT `activityapplyname`,`activitytime`,`activityapplyaddr`,`activityapplycontent`,`activityapplytime`,`departname`,`activityapplyid` FROM `st_activity_apply` LEFT JOIN st_depart_info ON st_activity_apply.departId = st_depart_info.departId  WHERE ( activityApplyStatus=0 )  [ RunTime:0.0003s ]
SQL: SHOW COLUMNS FROM `st_activity_info` [ RunTime:0.0004s ]
SQL: SELECT * FROM `st_activity_info` WHERE ( status=0 )  [ RunTime:0.0002s ]
INFO: [ view_parse ] --START--
INFO: [ template_filter ] --START--
INFO: Run Behavior\ContentReplaceBehavior [ RunTime:0.000027s ]
INFO: [ template_filter ] --END-- [ RunTime:0.000060s ]
INFO: Run Behavior\ParseTemplateBehavior [ RunTime:0.004449s ]
INFO: [ view_parse ] --END-- [ RunTime:0.004484s ]
INFO: [ view_filter ] --START--
INFO: Run Behavior\WriteHtmlCacheBehavior [ RunTime:0.000105s ]
INFO: [ view_filter ] --END-- [ RunTime:0.000127s ]
INFO: [ app_end ] --START--
INFO: Run Behavior\ShowPageTraceBehavior [ RunTime:0.000330s ]
INFO: [ app_end ] --END-- [ RunTime:0.000356s ]

[ 2016-12-08T22:40:23+08:00 ] ::1 /shetuan/index.php/Admin/Superadmin/showactivity.html
INFO: [ app_init ] --START--
INFO: Run Behavior\BuildLiteBehavior [ RunTime:0.000009s ]
INFO: [ app_init ] --END-- [ RunTime:0.000183s ]
INFO: [ app_begin ] --START--
INFO: Run Behavior\ReadHtmlCacheBehavior [ RunTime:0.000338s ]
INFO: [ app_begin ] --END-- [ RunTime:0.000377s ]
SQL: SHOW COLUMNS FROM `st_activity_apply` [ RunTime:0.0006s ]
SQL: SELECT `activityapplyname`,`activitytime`,`activityapplyaddr`,`activityapplycontent`,`activityapplytime`,`departname`,`activityapplyid` FROM `st_activity_apply` LEFT JOIN st_depart_info ON st_activity_apply.departId = st_depart_info.departId  WHERE ( activityApplyStatus=0 )  [ RunTime:0.0004s ]
SQL: SHOW COLUMNS FROM `st_activity_info` [ RunTime:0.0005s ]
SQL: SELECT * FROM `st_activity_info` WHERE ( status=0 )  [ RunTime:0.0003s ]
INFO: [ view_parse ] --START--
INFO: [ template_filter ] --START--
INFO: Run Behavior\ContentReplaceBehavior [ RunTime:0.000025s ]
INFO: [ template_filter ] --END-- [ RunTime:0.000056s ]
INFO: Run Behavior\ParseTemplateBehavior [ RunTime:0.005661s ]
INFO: [ view_parse ] --END-- [ RunTime:0.005691s ]
INFO: [ view_filter ] --START--
INFO: Run Behavior\WriteHtmlCacheBehavior [ RunTime:0.000093s ]
INFO: [ view_filter ] --END-- [ RunTime:0.000114s ]
INFO: [ app_end ] --START--
INFO: Run Behavior\ShowPageTraceBehavior [ RunTime:0.000250s ]
INFO: [ app_end ] --END-- [ RunTime:0.000275s ]

[ 2016-12-08T22:40:45+08:00 ] ::1 /shetuan/index.php/Admin/Superadmin/showactivity.html
INFO: [ app_init ] --START--
INFO: Run Behavior\BuildLiteBehavior [ RunTime:0.000008s ]
INFO: [ app_init ] --END-- [ RunTime:0.000169s ]
INFO: [ app_begin ] --START--
INFO: Run Behavior\ReadHtmlCacheBehavior [ RunTime:0.000214s ]
INFO: [ app_begin ] --END-- [ RunTime:0.000238s ]
SQL: SHOW COLUMNS FROM `st_activity_apply` [ RunTime:0.0005s ]
SQL: SELECT `activityapplyname`,`activitytime`,`activityapplyaddr`,`activityapplycontent`,`activityapplytime`,`departname`,`activityapplyid` FROM `st_activity_apply` LEFT JOIN st_depart_info ON st_activity_apply.departId = st_depart_info.departId  WHERE ( activityApplyStatus=0 )  [ RunTime:0.0011s ]
SQL: SHOW COLUMNS FROM `st_activity_info` [ RunTime:0.0005s ]
SQL: SELECT * FROM `st_activity_info` WHERE ( status=0 )  [ RunTime:0.0003s ]
INFO: [ view_parse ] --START--
INFO: [ template_filter ] --START--
INFO: Run Behavior\ContentReplaceBehavior [ RunTime:0.000027s ]
INFO: [ template_filter ] --END-- [ RunTime:0.000062s ]
INFO: Run Behavior\ParseTemplateBehavior [ RunTime:0.007043s ]
INFO: [ view_parse ] --END-- [ RunTime:0.007081s ]
INFO: [ view_filter ] --START--
INFO: Run Behavior\WriteHtmlCacheBehavior [ RunTime:0.000109s ]
INFO: [ view_filter ] --END-- [ RunTime:0.000132s ]
INFO: [ app_end ] --START--
INFO: Run Behavior\ShowPageTraceBehavior [ RunTime:0.000260s ]
INFO: [ app_end ] --END-- [ RunTime:0.000289s ]

[ 2016-12-08T22:42:40+08:00 ] ::1 /shetuan/index.php/Admin/Superadmin/showactivity.html
INFO: [ app_init ] --START--
INFO: Run Behavior\BuildLiteBehavior [ RunTime:0.000008s ]
INFO: [ app_init ] --END-- [ RunTime:0.000174s ]
INFO: [ app_begin ] --START--
INFO: Run Behavior\ReadHtmlCacheBehavior [ RunTime:0.000214s ]
INFO: [ app_begin ] --END-- [ RunTime:0.000237s ]
SQL: SHOW COLUMNS FROM `st_activity_apply` [ RunTime:0.0008s ]
SQL: SELECT `activityapplyname`,`activitytime`,`activityapplyaddr`,`activityapplycontent`,`activityapplytime`,`departname`,`activityapplyid` FROM `st_activity_apply` LEFT JOIN st_depart_info ON st_activity_apply.departId = st_depart_info.departId  WHERE ( activityApplyStatus=0 )  [ RunTime:0.0004s ]
SQL: SHOW COLUMNS FROM `st_activity_info` [ RunTime:0.0005s ]
SQL: SELECT * FROM `st_activity_info` WHERE ( status=0 )  [ RunTime:0.0003s ]
INFO: [ view_parse ] --START--
INFO: [ template_filter ] --START--
INFO: Run Behavior\ContentReplaceBehavior [ RunTime:0.000025s ]
INFO: [ template_filter ] --END-- [ RunTime:0.000058s ]
INFO: Run Behavior\ParseTemplateBehavior [ RunTime:0.006068s ]
INFO: [ view_parse ] --END-- [ RunTime:0.006096s ]
INFO: [ view_filter ] --START--
INFO: Run Behavior\WriteHtmlCacheBehavior [ RunTime:0.000098s ]
INFO: [ view_filter ] --END-- [ RunTime:0.000118s ]
INFO: [ app_end ] --START--
INFO: Run Behavior\ShowPageTraceBehavior [ RunTime:0.000259s ]
INFO: [ app_end ] --END-- [ RunTime:0.000281s ]

