[ 2016-12-07T08:34:44+08:00 ] ::1 /shetuan/index.php/Admin/Departadmin/subactivityapply.html
INFO: [ app_init ] --START--
INFO: Run Behavior\BuildLiteBehavior [ RunTime:0.000029s ]
INFO: [ app_init ] --END-- [ RunTime:0.001981s ]
INFO: [ app_begin ] --START--
INFO: Run Behavior\ReadHtmlCacheBehavior [ RunTime:0.002080s ]
INFO: [ app_begin ] --END-- [ RunTime:0.002218s ]
INFO: [ view_parse ] --START--
INFO: [ template_filter ] --START--
INFO: Run Behavior\ContentReplaceBehavior [ RunTime:0.000036s ]
INFO: [ template_filter ] --END-- [ RunTime:0.000114s ]
INFO: Run Behavior\ParseTemplateBehavior [ RunTime:0.014796s ]
INFO: [ view_parse ] --END-- [ RunTime:0.014872s ]
INFO: [ view_filter ] --START--
INFO: Run Behavior\WriteHtmlCacheBehavior [ RunTime:0.000797s ]
INFO: [ view_filter ] --END-- [ RunTime:0.000835s ]
INFO: [ app_end ] --START--
INFO: Run Behavior\ShowPageTraceBehavior [ RunTime:0.000890s ]
INFO: [ app_end ] --END-- [ RunTime:0.000941s ]

[ 2016-12-07T08:34:45+08:00 ] ::1 /shetuan/index.php/Admin/Departadmin/subactivityapply.html
INFO: [ app_init ] --START--
INFO: Run Behavior\BuildLiteBehavior [ RunTime:0.000010s ]
INFO: [ app_init ] --END-- [ RunTime:0.000180s ]
INFO: [ app_begin ] --START--
INFO: Run Behavior\ReadHtmlCacheBehavior [ RunTime:0.000244s ]
INFO: [ app_begin ] --END-- [ RunTime:0.000271s ]
INFO: [ view_parse ] --START--
INFO: [ template_filter ] --START--
INFO: Run Behavior\ContentReplaceBehavior [ RunTime:0.000024s ]
INFO: [ template_filter ] --END-- [ RunTime:0.000057s ]
INFO: Run Behavior\ParseTemplateBehavior [ RunTime:0.012429s ]
INFO: [ view_parse ] --END-- [ RunTime:0.012541s ]
INFO: [ view_filter ] --START--
INFO: Run Behavior\WriteHtmlCacheBehavior [ RunTime:0.000381s ]
INFO: [ view_filter ] --END-- [ RunTime:0.000440s ]
INFO: [ app_end ] --START--
INFO: Run Behavior\ShowPageTraceBehavior [ RunTime:0.003574s ]
INFO: [ app_end ] --END-- [ RunTime:0.003683s ]

[ 2016-12-07T08:34:47+08:00 ] ::1 /shetuan/index.php/Admin/Superadmin/index.html
INFO: [ app_init ] --START--
INFO: Run Behavior\BuildLiteBehavior [ RunTime:0.000011s ]
INFO: [ app_init ] --END-- [ RunTime:0.000242s ]
INFO: [ app_begin ] --START--
INFO: Run Behavior\ReadHtmlCacheBehavior [ RunTime:0.000465s ]
INFO: [ app_begin ] --END-- [ RunTime:0.000520s ]
INFO: [ view_parse ] --START--
INFO: [ template_filter ] --START--
INFO: Run Behavior\ContentReplaceBehavior [ RunTime:0.000032s ]
INFO: [ template_filter ] --END-- [ RunTime:0.000079s ]
INFO: Run Behavior\ParseTemplateBehavior [ RunTime:0.008452s ]
INFO: [ view_parse ] --END-- [ RunTime:0.008513s ]
INFO: [ view_filter ] --START--
INFO: Run Behavior\WriteHtmlCacheBehavior [ RunTime:0.000248s ]
INFO: [ view_filter ] --END-- [ RunTime:0.000284s ]
INFO: [ app_end ] --START--
INFO: Run Behavior\ShowPageTraceBehavior [ RunTime:0.000644s ]
INFO: [ app_end ] --END-- [ RunTime:0.000689s ]

[ 2016-12-07T08:35:01+08:00 ] ::1 /shetuan/index.php/Admin/Superadmin/showactivity.html
INFO: [ app_init ] --START--
INFO: Run Behavior\BuildLiteBehavior [ RunTime:0.000019s ]
INFO: [ app_init ] --END-- [ RunTime:0.000519s ]
INFO: [ app_begin ] --START--
INFO: Run Behavior\ReadHtmlCacheBehavior [ RunTime:0.000811s ]
INFO: [ app_begin ] --END-- [ RunTime:0.000894s ]
SQL: SHOW COLUMNS FROM `st_activity_apply` [ RunTime:0.0011s ]
ERR: 1146:Table 'shetuan.__departinfo__' doesn't exist
 [ SQL语句 ] : SELECT * FROM `st_activity_apply` LEFT JOIN __DepartInfo__ ON __ActivityApply__.departId = __DepartInfo__.departId  
ERR: 1146:Table 'shetuan.__departinfo__' doesn't exist
 [ SQL语句 ] : SELECT * FROM `st_activity_apply` LEFT JOIN __DepartInfo__ ON __ActivityApply__.departId = __DepartInfo__.departId  

[ 2016-12-07T08:36:24+08:00 ] ::1 /shetuan/index.php/Admin/Superadmin/showactivity.html
INFO: [ app_init ] --START--
INFO: Run Behavior\BuildLiteBehavior [ RunTime:0.000012s ]
INFO: [ app_init ] --END-- [ RunTime:0.000360s ]
INFO: [ app_begin ] --START--
INFO: Run Behavior\ReadHtmlCacheBehavior [ RunTime:0.000533s ]
INFO: [ app_begin ] --END-- [ RunTime:0.000666s ]
SQL: SHOW COLUMNS FROM `st_activity_apply` [ RunTime:0.0008s ]
ERR: 1146:Table 'shetuan.st_departinfo' doesn't exist
 [ SQL语句 ] : SELECT * FROM `st_activity_apply` LEFT JOIN st_departinfo ON __ActivityApply__.departId = __DepartInfo__.departId  
ERR: 1146:Table 'shetuan.st_departinfo' doesn't exist
 [ SQL语句 ] : SELECT * FROM `st_activity_apply` LEFT JOIN st_departinfo ON __ActivityApply__.departId = __DepartInfo__.departId  

[ 2016-12-07T08:36:33+08:00 ] ::1 /shetuan/index.php/Admin/Superadmin/showactivity.html
INFO: [ app_init ] --START--
INFO: Run Behavior\BuildLiteBehavior [ RunTime:0.000013s ]
INFO: [ app_init ] --END-- [ RunTime:0.000293s ]
INFO: [ app_begin ] --START--
INFO: Run Behavior\ReadHtmlCacheBehavior [ RunTime:0.000365s ]
INFO: [ app_begin ] --END-- [ RunTime:0.000404s ]
SQL: SHOW COLUMNS FROM `st_activity_apply` [ RunTime:0.0014s ]
ERR: 1054:Unknown column '__ActivityApply__.departId' in 'on clause'
 [ SQL语句 ] : SELECT * FROM `st_activity_apply` LEFT JOIN st_depart_info ON __ActivityApply__.departId = __DepartInfo__.departId  
ERR: 1054:Unknown column '__ActivityApply__.departId' in 'on clause'
 [ SQL语句 ] : SELECT * FROM `st_activity_apply` LEFT JOIN st_depart_info ON __ActivityApply__.departId = __DepartInfo__.departId  

[ 2016-12-07T08:38:14+08:00 ] ::1 /shetuan/index.php/Admin/Superadmin/showactivity.html
INFO: [ app_init ] --START--
INFO: Run Behavior\BuildLiteBehavior [ RunTime:0.000008s ]
INFO: [ app_init ] --END-- [ RunTime:0.000227s ]
INFO: [ app_begin ] --START--
INFO: Run Behavior\ReadHtmlCacheBehavior [ RunTime:0.000215s ]
INFO: [ app_begin ] --END-- [ RunTime:0.000239s ]
SQL: SHOW COLUMNS FROM `st_activity_apply` [ RunTime:0.0005s ]
ERR: 1054:Unknown column '__DepartInfo__.departId' in 'on clause'
 [ SQL语句 ] : SELECT * FROM `st_activity_apply` LEFT JOIN st_depart_info ON st_activity_apply.departId = __DepartInfo__.departId  
ERR: 1054:Unknown column '__DepartInfo__.departId' in 'on clause'
 [ SQL语句 ] : SELECT * FROM `st_activity_apply` LEFT JOIN st_depart_info ON st_activity_apply.departId = __DepartInfo__.departId  

[ 2016-12-07T08:38:21+08:00 ] ::1 /shetuan/index.php/Admin/Superadmin/showactivity.html
INFO: [ app_init ] --START--
INFO: Run Behavior\BuildLiteBehavior [ RunTime:0.000008s ]
INFO: [ app_init ] --END-- [ RunTime:0.000194s ]
INFO: [ app_begin ] --START--
INFO: Run Behavior\ReadHtmlCacheBehavior [ RunTime:0.000225s ]
INFO: [ app_begin ] --END-- [ RunTime:0.000250s ]
SQL: SHOW COLUMNS FROM `st_activity_apply` [ RunTime:0.0007s ]
ERR: 1054:Unknown column '__DepartInfo__.departId' in 'on clause'
 [ SQL语句 ] : SELECT * FROM `st_activity_apply` LEFT JOIN st_depart_info ON st_activity_apply.departId = __DepartInfo__.departId  
ERR: 1054:Unknown column '__DepartInfo__.departId' in 'on clause'
 [ SQL语句 ] : SELECT * FROM `st_activity_apply` LEFT JOIN st_depart_info ON st_activity_apply.departId = __DepartInfo__.departId  

[ 2016-12-07T08:38:47+08:00 ] ::1 /shetuan/index.php/Admin/Superadmin/showactivity.html
INFO: [ app_init ] --START--
INFO: Run Behavior\BuildLiteBehavior [ RunTime:0.000012s ]
INFO: [ app_init ] --END-- [ RunTime:0.000815s ]
INFO: [ app_begin ] --START--
INFO: Run Behavior\ReadHtmlCacheBehavior [ RunTime:0.000781s ]
INFO: [ app_begin ] --END-- [ RunTime:0.000828s ]
SQL: SHOW COLUMNS FROM `st_activity_apply` [ RunTime:0.0007s ]
SQL: SELECT * FROM `st_activity_apply` LEFT JOIN st_depart_info ON st_activity_apply.departId = st_depart_info.departId   [ RunTime:0.0006s ]

[ 2016-12-07T08:38:51+08:00 ] ::1 /shetuan/index.php/Admin/Superadmin/showactivity.html
INFO: [ app_init ] --START--
INFO: Run Behavior\BuildLiteBehavior [ RunTime:0.000010s ]
INFO: [ app_init ] --END-- [ RunTime:0.000458s ]
INFO: [ app_begin ] --START--
INFO: Run Behavior\ReadHtmlCacheBehavior [ RunTime:0.000374s ]
INFO: [ app_begin ] --END-- [ RunTime:0.000407s ]
SQL: SHOW COLUMNS FROM `st_activity_apply` [ RunTime:0.0005s ]
SQL: SELECT * FROM `st_activity_apply` LEFT JOIN st_depart_info ON st_activity_apply.departId = st_depart_info.departId   [ RunTime:0.0004s ]

[ 2016-12-07T10:41:33+08:00 ] ::1 /shetuan/index.php/Admin/Superadmin/showactivity.html
INFO: [ app_init ] --START--
INFO: Run Behavior\BuildLiteBehavior [ RunTime:0.000013s ]
INFO: [ app_init ] --END-- [ RunTime:0.001691s ]
INFO: [ app_begin ] --START--
INFO: Run Behavior\ReadHtmlCacheBehavior [ RunTime:0.001565s ]
INFO: [ app_begin ] --END-- [ RunTime:0.001644s ]
SQL: SHOW COLUMNS FROM `st_activity_apply` [ RunTime:0.0032s ]
ERR: Think\Model:filed方法不存在！

[ 2016-12-07T10:41:40+08:00 ] ::1 /shetuan/index.php/Admin/Superadmin/showactivity.html
INFO: [ app_init ] --START--
INFO: Run Behavior\BuildLiteBehavior [ RunTime:0.000008s ]
INFO: [ app_init ] --END-- [ RunTime:0.000172s ]
INFO: [ app_begin ] --START--
INFO: Run Behavior\ReadHtmlCacheBehavior [ RunTime:0.000213s ]
INFO: [ app_begin ] --END-- [ RunTime:0.000236s ]
SQL: SHOW COLUMNS FROM `st_activity_apply` [ RunTime:0.0006s ]
ERR: Think\Model:filed方法不存在！

[ 2016-12-07T10:41:51+08:00 ] ::1 /shetuan/index.php/Admin/Superadmin/showactivity.html
INFO: [ app_init ] --START--
INFO: Run Behavior\BuildLiteBehavior [ RunTime:0.000013s ]
INFO: [ app_init ] --END-- [ RunTime:0.000484s ]
INFO: [ app_begin ] --START--
INFO: Run Behavior\ReadHtmlCacheBehavior [ RunTime:0.001518s ]
INFO: [ app_begin ] --END-- [ RunTime:0.001573s ]
SQL: SHOW COLUMNS FROM `st_activity_apply` [ RunTime:0.0007s ]
ERR: Think\Model:flied方法不存在！

[ 2016-12-07T10:42:01+08:00 ] ::1 /shetuan/index.php/Admin/Superadmin/showactivity.html
INFO: [ app_init ] --START--
INFO: Run Behavior\BuildLiteBehavior [ RunTime:0.000010s ]
INFO: [ app_init ] --END-- [ RunTime:0.000195s ]
INFO: [ app_begin ] --START--
INFO: Run Behavior\ReadHtmlCacheBehavior [ RunTime:0.000234s ]
INFO: [ app_begin ] --END-- [ RunTime:0.000260s ]
SQL: SHOW COLUMNS FROM `st_activity_apply` [ RunTime:0.0005s ]
SQL: SELECT `activityapplyname`,`activitytime`,`activityapplyaddr`,`activityapplycontent`,`activityapplytime`,`departname` FROM `st_activity_apply` LEFT JOIN st_depart_info ON st_activity_apply.departId = st_depart_info.departId   [ RunTime:0.0005s ]

[ 2016-12-07T10:44:11+08:00 ] ::1 /shetuan/index.php/Admin/Superadmin/showactivity.html
INFO: [ app_init ] --START--
INFO: Run Behavior\BuildLiteBehavior [ RunTime:0.000014s ]
INFO: [ app_init ] --END-- [ RunTime:0.000527s ]
INFO: [ app_begin ] --START--
INFO: Run Behavior\ReadHtmlCacheBehavior [ RunTime:0.001701s ]
INFO: [ app_begin ] --END-- [ RunTime:0.001756s ]
SQL: SHOW COLUMNS FROM `st_activity_apply` [ RunTime:0.0007s ]
SQL: SELECT `activityapplyname`,`activitytime`,`activityapplyaddr`,`activityapplycontent`,`activityapplytime`,`departname` FROM `st_activity_apply` LEFT JOIN st_depart_info ON st_activity_apply.departId = st_depart_info.departId   [ RunTime:0.0003s ]
INFO: [ view_parse ] --START--
INFO: [ template_filter ] --START--
INFO: Run Behavior\ContentReplaceBehavior [ RunTime:0.000040s ]
INFO: [ template_filter ] --END-- [ RunTime:0.000130s ]
NOTIC: [8] Undefined index: departapplyid /Users/tao/PhpSites/shetuan/Application/Runtime/Cache/Admin/08d09bf975756b5767d75991b10837e3.php 第 33 行.
NOTIC: [8] Undefined index: departapplyid /Users/tao/PhpSites/shetuan/Application/Runtime/Cache/Admin/08d09bf975756b5767d75991b10837e3.php 第 33 行.
NOTIC: [8] Undefined index: departapplyid /Users/tao/PhpSites/shetuan/Application/Runtime/Cache/Admin/08d09bf975756b5767d75991b10837e3.php 第 33 行.
INFO: Run Behavior\ParseTemplateBehavior [ RunTime:0.016509s ]
INFO: [ view_parse ] --END-- [ RunTime:0.016557s ]
INFO: [ view_filter ] --START--
INFO: Run Behavior\WriteHtmlCacheBehavior [ RunTime:0.000548s ]
INFO: [ view_filter ] --END-- [ RunTime:0.000578s ]
INFO: [ app_end ] --START--
INFO: Run Behavior\ShowPageTraceBehavior [ RunTime:0.000799s ]
INFO: [ app_end ] --END-- [ RunTime:0.000853s ]

[ 2016-12-07T10:44:21+08:00 ] ::1 /shetuan/index.php/Admin/Superadmin/showactivity.html
INFO: [ app_init ] --START--
INFO: Run Behavior\BuildLiteBehavior [ RunTime:0.000015s ]
INFO: [ app_init ] --END-- [ RunTime:0.000432s ]
INFO: [ app_begin ] --START--
INFO: Run Behavior\ReadHtmlCacheBehavior [ RunTime:0.000408s ]
INFO: [ app_begin ] --END-- [ RunTime:0.000450s ]
SQL: SHOW COLUMNS FROM `st_activity_apply` [ RunTime:0.0005s ]
SQL: SELECT `activityapplyname`,`activitytime`,`activityapplyaddr`,`activityapplycontent`,`activityapplytime`,`departname` FROM `st_activity_apply` LEFT JOIN st_depart_info ON st_activity_apply.departId = st_depart_info.departId   [ RunTime:0.0013s ]
INFO: [ view_parse ] --START--
INFO: [ template_filter ] --START--
INFO: Run Behavior\ContentReplaceBehavior [ RunTime:0.000027s ]
INFO: [ template_filter ] --END-- [ RunTime:0.000065s ]
NOTIC: [8] Undefined index: departapplyid /Users/tao/PhpSites/shetuan/Application/Runtime/Cache/Admin/08d09bf975756b5767d75991b10837e3.php 第 33 行.
NOTIC: [8] Undefined index: departapplyid /Users/tao/PhpSites/shetuan/Application/Runtime/Cache/Admin/08d09bf975756b5767d75991b10837e3.php 第 33 行.
NOTIC: [8] Undefined index: departapplyid /Users/tao/PhpSites/shetuan/Application/Runtime/Cache/Admin/08d09bf975756b5767d75991b10837e3.php 第 33 行.
INFO: Run Behavior\ParseTemplateBehavior [ RunTime:0.005772s ]
INFO: [ view_parse ] --END-- [ RunTime:0.005811s ]
INFO: [ view_filter ] --START--
INFO: Run Behavior\WriteHtmlCacheBehavior [ RunTime:0.000089s ]
INFO: [ view_filter ] --END-- [ RunTime:0.000108s ]
INFO: [ app_end ] --START--
INFO: Run Behavior\ShowPageTraceBehavior [ RunTime:0.000343s ]
INFO: [ app_end ] --END-- [ RunTime:0.000368s ]

[ 2016-12-07T10:50:28+08:00 ] ::1 /shetuan/index.php/Admin/Superadmin/showactivity.html
INFO: [ app_init ] --START--
INFO: Run Behavior\BuildLiteBehavior [ RunTime:0.000011s ]
INFO: [ app_init ] --END-- [ RunTime:0.000735s ]
INFO: [ app_begin ] --START--
INFO: Run Behavior\ReadHtmlCacheBehavior [ RunTime:0.001723s ]
INFO: [ app_begin ] --END-- [ RunTime:0.001784s ]
SQL: SHOW COLUMNS FROM `st_activity_apply` [ RunTime:0.0006s ]
SQL: SELECT `activityapplyname`,`activitytime`,`activityapplyaddr`,`activityapplycontent`,`activityapplytime`,`departname` FROM `st_activity_apply` LEFT JOIN st_depart_info ON st_activity_apply.departId = st_depart_info.departId   [ RunTime:0.0006s ]
INFO: [ view_parse ] --START--
INFO: [ template_filter ] --START--
INFO: Run Behavior\ContentReplaceBehavior [ RunTime:0.000070s ]
INFO: [ template_filter ] --END-- [ RunTime:0.000121s ]
NOTIC: [8] Undefined index: departapplyid /Users/tao/PhpSites/shetuan/Application/Runtime/Cache/Admin/08d09bf975756b5767d75991b10837e3.php 第 33 行.
NOTIC: [8] Undefined index: departapplyid /Users/tao/PhpSites/shetuan/Application/Runtime/Cache/Admin/08d09bf975756b5767d75991b10837e3.php 第 33 行.
NOTIC: [8] Undefined index: departapplyid /Users/tao/PhpSites/shetuan/Application/Runtime/Cache/Admin/08d09bf975756b5767d75991b10837e3.php 第 33 行.
INFO: Run Behavior\ParseTemplateBehavior [ RunTime:0.011341s ]
INFO: [ view_parse ] --END-- [ RunTime:0.011450s ]
INFO: [ view_filter ] --START--
INFO: Run Behavior\WriteHtmlCacheBehavior [ RunTime:0.000724s ]
INFO: [ view_filter ] --END-- [ RunTime:0.000764s ]
INFO: [ app_end ] --START--
INFO: Run Behavior\ShowPageTraceBehavior [ RunTime:0.000985s ]
INFO: [ app_end ] --END-- [ RunTime:0.001027s ]

