[ 2017-01-01T10:59:09+08:00 ] ::1 /shetuan/index.php/admin/index/login
INFO: [ app_init ] --START--
INFO: Run Behavior\BuildLiteBehavior [ RunTime:0.000012s ]
INFO: [ app_init ] --END-- [ RunTime:0.000292s ]
INFO: [ app_begin ] --START--
INFO: Run Behavior\ReadHtmlCacheBehavior [ RunTime:0.000539s ]
INFO: [ app_begin ] --END-- [ RunTime:0.000579s ]
INFO: [ view_parse ] --START--
INFO: [ template_filter ] --START--
INFO: Run Behavior\ContentReplaceBehavior [ RunTime:0.000032s ]
INFO: [ template_filter ] --END-- [ RunTime:0.000079s ]
INFO: Run Behavior\ParseTemplateBehavior [ RunTime:0.005581s ]
INFO: [ view_parse ] --END-- [ RunTime:0.005650s ]
INFO: [ view_filter ] --START--
INFO: Run Behavior\WriteHtmlCacheBehavior [ RunTime:0.000130s ]
INFO: [ view_filter ] --END-- [ RunTime:0.000160s ]
INFO: [ app_end ] --START--
INFO: Run Behavior\ShowPageTraceBehavior [ RunTime:0.000579s ]
INFO: [ app_end ] --END-- [ RunTime:0.000619s ]

[ 2017-01-01T11:00:51+08:00 ] ::1 /shetuan/index.php/Admin/index/login.html
INFO: [ app_init ] --START--
INFO: Run Behavior\BuildLiteBehavior [ RunTime:0.000030s ]
INFO: [ app_init ] --END-- [ RunTime:0.000549s ]
INFO: [ app_begin ] --START--
INFO: Run Behavior\ReadHtmlCacheBehavior [ RunTime:0.000406s ]
INFO: [ app_begin ] --END-- [ RunTime:0.000452s ]
SQL: SHOW COLUMNS FROM `st_admin_info` [ RunTime:0.0007s ]
SQL: SELECT * FROM `st_admin_info` WHERE `adminName` = 'roqq' LIMIT 1   [ RunTime:0.0003s ]

[ 2017-01-01T11:00:53+08:00 ] ::1 /shetuan/index.php/Admin/Index/login.html
INFO: [ app_init ] --START--
INFO: Run Behavior\BuildLiteBehavior [ RunTime:0.000007s ]
INFO: [ app_init ] --END-- [ RunTime:0.000157s ]
INFO: [ app_begin ] --START--
INFO: Run Behavior\ReadHtmlCacheBehavior [ RunTime:0.000223s ]
INFO: [ app_begin ] --END-- [ RunTime:0.000250s ]
INFO: [ view_parse ] --START--
INFO: [ template_filter ] --START--
INFO: Run Behavior\ContentReplaceBehavior [ RunTime:0.000040s ]
INFO: [ template_filter ] --END-- [ RunTime:0.000081s ]
INFO: Run Behavior\ParseTemplateBehavior [ RunTime:0.004319s ]
INFO: [ view_parse ] --END-- [ RunTime:0.004349s ]
INFO: [ view_filter ] --START--
INFO: Run Behavior\WriteHtmlCacheBehavior [ RunTime:0.000099s ]
INFO: [ view_filter ] --END-- [ RunTime:0.000119s ]
INFO: [ app_end ] --START--
INFO: Run Behavior\ShowPageTraceBehavior [ RunTime:0.000593s ]
INFO: [ app_end ] --END-- [ RunTime:0.000627s ]

[ 2017-01-01T11:01:00+08:00 ] ::1 /shetuan/index.php/Admin/index/login.html
INFO: [ app_init ] --START--
INFO: Run Behavior\BuildLiteBehavior [ RunTime:0.000006s ]
INFO: [ app_init ] --END-- [ RunTime:0.000170s ]
INFO: [ app_begin ] --START--
INFO: Run Behavior\ReadHtmlCacheBehavior [ RunTime:0.000210s ]
INFO: [ app_begin ] --END-- [ RunTime:0.000234s ]
SQL: SHOW COLUMNS FROM `st_admin_info` [ RunTime:0.0006s ]
SQL: SELECT * FROM `st_admin_info` WHERE `adminName` = 'qq' LIMIT 1   [ RunTime:0.0004s ]

[ 2017-01-01T11:01:01+08:00 ] ::1 /shetuan/index.php/Admin/Superadmin/index.html
INFO: [ app_init ] --START--
INFO: Run Behavior\BuildLiteBehavior [ RunTime:0.000008s ]
INFO: [ app_init ] --END-- [ RunTime:0.000251s ]
INFO: [ app_begin ] --START--
INFO: Run Behavior\ReadHtmlCacheBehavior [ RunTime:0.000213s ]
INFO: [ app_begin ] --END-- [ RunTime:0.000237s ]
INFO: [ view_parse ] --START--
INFO: [ template_filter ] --START--
INFO: Run Behavior\ContentReplaceBehavior [ RunTime:0.000022s ]
INFO: [ template_filter ] --END-- [ RunTime:0.000053s ]
INFO: Run Behavior\ParseTemplateBehavior [ RunTime:0.004776s ]
INFO: [ view_parse ] --END-- [ RunTime:0.004832s ]
INFO: [ view_filter ] --START--
INFO: Run Behavior\WriteHtmlCacheBehavior [ RunTime:0.000080s ]
INFO: [ view_filter ] --END-- [ RunTime:0.000098s ]
INFO: [ app_end ] --START--
INFO: Run Behavior\ShowPageTraceBehavior [ RunTime:0.000233s ]
INFO: [ app_end ] --END-- [ RunTime:0.000254s ]

[ 2017-01-01T11:01:10+08:00 ] ::1 /shetuan/index.php/admin/index/login
INFO: [ app_init ] --START--
INFO: Run Behavior\BuildLiteBehavior [ RunTime:0.000008s ]
INFO: [ app_init ] --END-- [ RunTime:0.000193s ]
INFO: [ app_begin ] --START--
INFO: Run Behavior\ReadHtmlCacheBehavior [ RunTime:0.000382s ]
INFO: [ app_begin ] --END-- [ RunTime:0.000429s ]
INFO: [ view_parse ] --START--
INFO: [ template_filter ] --START--
INFO: Run Behavior\ContentReplaceBehavior [ RunTime:0.000023s ]
INFO: [ template_filter ] --END-- [ RunTime:0.000058s ]
INFO: Run Behavior\ParseTemplateBehavior [ RunTime:0.003728s ]
INFO: [ view_parse ] --END-- [ RunTime:0.003761s ]
INFO: [ view_filter ] --START--
INFO: Run Behavior\WriteHtmlCacheBehavior [ RunTime:0.000114s ]
INFO: [ view_filter ] --END-- [ RunTime:0.000138s ]
INFO: [ app_end ] --START--
INFO: Run Behavior\ShowPageTraceBehavior [ RunTime:0.000257s ]
INFO: [ app_end ] --END-- [ RunTime:0.000279s ]

[ 2017-01-01T11:01:19+08:00 ] ::1 /shetuan/index.php/Admin/index/login.html
INFO: [ app_init ] --START--
INFO: Run Behavior\BuildLiteBehavior [ RunTime:0.000035s ]
INFO: [ app_init ] --END-- [ RunTime:0.000273s ]
INFO: [ app_begin ] --START--
INFO: Run Behavior\ReadHtmlCacheBehavior [ RunTime:0.000370s ]
INFO: [ app_begin ] --END-- [ RunTime:0.000412s ]
SQL: SHOW COLUMNS FROM `st_admin_info` [ RunTime:0.0004s ]
SQL: SELECT * FROM `st_admin_info` WHERE `adminName` = 'qqq' LIMIT 1   [ RunTime:0.0003s ]

[ 2017-01-01T11:01:20+08:00 ] ::1 /shetuan/index.php/Admin/Departadmin/index.html
INFO: [ app_init ] --START--
INFO: Run Behavior\BuildLiteBehavior [ RunTime:0.000006s ]
INFO: [ app_init ] --END-- [ RunTime:0.000160s ]
INFO: [ app_begin ] --START--
INFO: Run Behavior\ReadHtmlCacheBehavior [ RunTime:0.000204s ]
INFO: [ app_begin ] --END-- [ RunTime:0.000228s ]
INFO: [ view_parse ] --START--
INFO: [ template_filter ] --START--
INFO: Run Behavior\ContentReplaceBehavior [ RunTime:0.000020s ]
INFO: [ template_filter ] --END-- [ RunTime:0.000052s ]
INFO: Run Behavior\ParseTemplateBehavior [ RunTime:0.021505s ]
INFO: [ view_parse ] --END-- [ RunTime:0.021557s ]
INFO: [ view_filter ] --START--
INFO: Run Behavior\WriteHtmlCacheBehavior [ RunTime:0.000162s ]
INFO: [ view_filter ] --END-- [ RunTime:0.000196s ]
INFO: [ app_end ] --START--
INFO: Run Behavior\ShowPageTraceBehavior [ RunTime:0.000434s ]
INFO: [ app_end ] --END-- [ RunTime:0.000474s ]

[ 2017-01-01T12:37:20+08:00 ] ::1 /shetuan/index.php/Admin/Departadmin/subactivityapply.html
INFO: [ app_init ] --START--
INFO: Run Behavior\BuildLiteBehavior [ RunTime:0.000006s ]
INFO: [ app_init ] --END-- [ RunTime:0.000164s ]
INFO: [ app_begin ] --START--
INFO: Run Behavior\ReadHtmlCacheBehavior [ RunTime:0.000207s ]
INFO: [ app_begin ] --END-- [ RunTime:0.000231s ]
INFO: [ view_parse ] --START--
INFO: [ template_filter ] --START--
INFO: Run Behavior\ContentReplaceBehavior [ RunTime:0.000045s ]
INFO: [ template_filter ] --END-- [ RunTime:0.000109s ]
INFO: Run Behavior\ParseTemplateBehavior [ RunTime:0.009999s ]
INFO: [ view_parse ] --END-- [ RunTime:0.010100s ]
INFO: [ view_filter ] --START--
INFO: Run Behavior\WriteHtmlCacheBehavior [ RunTime:0.000209s ]
INFO: [ view_filter ] --END-- [ RunTime:0.000255s ]
INFO: [ app_end ] --START--
INFO: Run Behavior\ShowPageTraceBehavior [ RunTime:0.000850s ]
INFO: [ app_end ] --END-- [ RunTime:0.000925s ]

[ 2017-01-01T12:37:47+08:00 ] ::1 /shetuan/index.php/Admin/Superadmin/showactivity.html
INFO: [ app_init ] --START--
INFO: Run Behavior\BuildLiteBehavior [ RunTime:0.000006s ]
INFO: [ app_init ] --END-- [ RunTime:0.000161s ]
INFO: [ app_begin ] --START--
INFO: Run Behavior\ReadHtmlCacheBehavior [ RunTime:0.000288s ]
INFO: [ app_begin ] --END-- [ RunTime:0.000314s ]
SQL: SHOW COLUMNS FROM `st_activity_apply` [ RunTime:0.0008s ]
SQL: SELECT `activityapplyname`,`activitytime`,`activityapplyaddr`,`activityapplycontent`,`activityapplytime`,`departname`,`activityapplyid` FROM `st_activity_apply` LEFT JOIN st_depart_info ON st_activity_apply.departId = st_depart_info.departId  WHERE ( activityApplyStatus=0 )  [ RunTime:0.0018s ]
SQL: SHOW COLUMNS FROM `st_activity_info` [ RunTime:0.0008s ]
SQL: SELECT * FROM `st_activity_info` WHERE ( status=0 )  [ RunTime:0.0004s ]
INFO: [ view_parse ] --START--
INFO: [ template_filter ] --START--
INFO: Run Behavior\ContentReplaceBehavior [ RunTime:0.000024s ]
INFO: [ template_filter ] --END-- [ RunTime:0.000054s ]
INFO: Run Behavior\ParseTemplateBehavior [ RunTime:0.013949s ]
INFO: [ view_parse ] --END-- [ RunTime:0.014013s ]
INFO: [ view_filter ] --START--
INFO: Run Behavior\WriteHtmlCacheBehavior [ RunTime:0.000209s ]
INFO: [ view_filter ] --END-- [ RunTime:0.000256s ]
INFO: [ app_end ] --START--
INFO: Run Behavior\ShowPageTraceBehavior [ RunTime:0.000622s ]
INFO: [ app_end ] --END-- [ RunTime:0.000676s ]

[ 2017-01-01T12:37:54+08:00 ] ::1 /shetuan/index.php/Admin/Superadmin/agreeactivityapply.html
INFO: [ app_init ] --START--
INFO: Run Behavior\BuildLiteBehavior [ RunTime:0.000007s ]
INFO: [ app_init ] --END-- [ RunTime:0.000166s ]
INFO: [ app_begin ] --START--
INFO: Run Behavior\ReadHtmlCacheBehavior [ RunTime:0.000252s ]
INFO: [ app_begin ] --END-- [ RunTime:0.000283s ]
SQL: SHOW COLUMNS FROM `st_activity_apply` [ RunTime:0.0008s ]
SQL: UPDATE `st_activity_apply` SET `activityApplyStatus`='1' WHERE `activityApplyId` = 3 [ RunTime:0.0084s ]
SQL: SELECT * FROM `st_activity_apply` WHERE `activityApplyId` = 3 LIMIT 1   [ RunTime:0.0004s ]
SQL: SHOW COLUMNS FROM `st_activity_info` [ RunTime:0.0010s ]
SQL: INSERT INTO `st_activity_info` (`departId`,`activityName`,`activityTime`,`activityAddr`,`activityContent`,`createTime`) VALUES ('1','7','7','77','7','2017-01-01 12:37:54') [ RunTime:0.0021s ]

[ 2017-01-01T12:38:02+08:00 ] ::1 /shetuan/index.php/Admin/Superadmin/agreeactivityapply.html
INFO: [ app_init ] --START--
INFO: Run Behavior\BuildLiteBehavior [ RunTime:0.000006s ]
INFO: [ app_init ] --END-- [ RunTime:0.000165s ]
INFO: [ app_begin ] --START--
INFO: Run Behavior\ReadHtmlCacheBehavior [ RunTime:0.000201s ]
INFO: [ app_begin ] --END-- [ RunTime:0.000223s ]
SQL: SHOW COLUMNS FROM `st_activity_apply` [ RunTime:0.0024s ]
SQL: UPDATE `st_activity_apply` SET `activityApplyStatus`='1' WHERE `activityApplyId` = 1 [ RunTime:0.0024s ]
SQL: SELECT * FROM `st_activity_apply` WHERE `activityApplyId` = 1 LIMIT 1   [ RunTime:0.0020s ]
SQL: SHOW COLUMNS FROM `st_activity_info` [ RunTime:0.0027s ]
SQL: INSERT INTO `st_activity_info` (`departId`,`activityName`,`activityTime`,`activityAddr`,`activityContent`,`createTime`) VALUES ('1','6','66','6','6','2017-01-01 12:38:02') [ RunTime:0.0017s ]

[ 2017-01-01T12:38:08+08:00 ] ::1 /shetuan/index.php/Admin/Superadmin/showactivity.html
INFO: [ app_init ] --START--
INFO: Run Behavior\BuildLiteBehavior [ RunTime:0.000015s ]
INFO: [ app_init ] --END-- [ RunTime:0.000627s ]
INFO: [ app_begin ] --START--
INFO: Run Behavior\ReadHtmlCacheBehavior [ RunTime:0.000941s ]
INFO: [ app_begin ] --END-- [ RunTime:0.001051s ]
SQL: SHOW COLUMNS FROM `st_activity_apply` [ RunTime:0.0005s ]
SQL: SELECT `activityapplyname`,`activitytime`,`activityapplyaddr`,`activityapplycontent`,`activityapplytime`,`departname`,`activityapplyid` FROM `st_activity_apply` LEFT JOIN st_depart_info ON st_activity_apply.departId = st_depart_info.departId  WHERE ( activityApplyStatus=0 )  [ RunTime:0.0003s ]
SQL: SHOW COLUMNS FROM `st_activity_info` [ RunTime:0.0004s ]
SQL: SELECT * FROM `st_activity_info` WHERE ( status=0 )  [ RunTime:0.0003s ]
INFO: [ view_parse ] --START--
INFO: [ template_filter ] --START--
INFO: Run Behavior\ContentReplaceBehavior [ RunTime:0.000059s ]
INFO: [ template_filter ] --END-- [ RunTime:0.000105s ]
INFO: Run Behavior\ParseTemplateBehavior [ RunTime:0.005976s ]
INFO: [ view_parse ] --END-- [ RunTime:0.006023s ]
INFO: [ view_filter ] --START--
INFO: Run Behavior\WriteHtmlCacheBehavior [ RunTime:0.000110s ]
INFO: [ view_filter ] --END-- [ RunTime:0.000140s ]
INFO: [ app_end ] --START--
INFO: Run Behavior\ShowPageTraceBehavior [ RunTime:0.000480s ]
INFO: [ app_end ] --END-- [ RunTime:0.000524s ]

[ 2017-01-01T12:38:10+08:00 ] ::1 /shetuan/index.php/Admin/Superadmin/agreeactivityapply.html
INFO: [ app_init ] --START--
INFO: Run Behavior\BuildLiteBehavior [ RunTime:0.000007s ]
INFO: [ app_init ] --END-- [ RunTime:0.000165s ]
INFO: [ app_begin ] --START--
INFO: Run Behavior\ReadHtmlCacheBehavior [ RunTime:0.000203s ]
INFO: [ app_begin ] --END-- [ RunTime:0.000225s ]
SQL: SHOW COLUMNS FROM `st_activity_apply` [ RunTime:0.0005s ]
SQL: UPDATE `st_activity_apply` SET `activityApplyStatus`='1' WHERE `activityApplyId` = 2 [ RunTime:0.0015s ]
SQL: SELECT * FROM `st_activity_apply` WHERE `activityApplyId` = 2 LIMIT 1   [ RunTime:0.0004s ]
SQL: SHOW COLUMNS FROM `st_activity_info` [ RunTime:0.0005s ]
SQL: INSERT INTO `st_activity_info` (`departId`,`activityName`,`activityTime`,`activityAddr`,`activityContent`,`createTime`) VALUES ('1','6','66','6','6','2017-01-01 12:38:10') [ RunTime:0.0013s ]

[ 2017-01-01T12:38:13+08:00 ] ::1 /shetuan/index.php/Admin/Superadmin/showactivity.html
INFO: [ app_init ] --START--
INFO: Run Behavior\BuildLiteBehavior [ RunTime:0.000007s ]
INFO: [ app_init ] --END-- [ RunTime:0.000163s ]
INFO: [ app_begin ] --START--
INFO: Run Behavior\ReadHtmlCacheBehavior [ RunTime:0.000228s ]
INFO: [ app_begin ] --END-- [ RunTime:0.000252s ]
SQL: SHOW COLUMNS FROM `st_activity_apply` [ RunTime:0.0006s ]
SQL: SELECT `activityapplyname`,`activitytime`,`activityapplyaddr`,`activityapplycontent`,`activityapplytime`,`departname`,`activityapplyid` FROM `st_activity_apply` LEFT JOIN st_depart_info ON st_activity_apply.departId = st_depart_info.departId  WHERE ( activityApplyStatus=0 )  [ RunTime:0.0004s ]
SQL: SHOW COLUMNS FROM `st_activity_info` [ RunTime:0.0004s ]
SQL: SELECT * FROM `st_activity_info` WHERE ( status=0 )  [ RunTime:0.0003s ]
INFO: [ view_parse ] --START--
INFO: [ template_filter ] --START--
INFO: Run Behavior\ContentReplaceBehavior [ RunTime:0.000062s ]
INFO: [ template_filter ] --END-- [ RunTime:0.000118s ]
NOTIC: [8] Undefined variable: val /Users/tao/PhpSites/shetuan/Application/Runtime/Cache/Admin/08d09bf975756b5767d75991b10837e3.php 第 58 行.
NOTIC: [8] Undefined variable: val /Users/tao/PhpSites/shetuan/Application/Runtime/Cache/Admin/08d09bf975756b5767d75991b10837e3.php 第 58 行.
NOTIC: [8] Undefined variable: val /Users/tao/PhpSites/shetuan/Application/Runtime/Cache/Admin/08d09bf975756b5767d75991b10837e3.php 第 58 行.
NOTIC: [8] Undefined variable: val /Users/tao/PhpSites/shetuan/Application/Runtime/Cache/Admin/08d09bf975756b5767d75991b10837e3.php 第 58 行.
NOTIC: [8] Undefined variable: val /Users/tao/PhpSites/shetuan/Application/Runtime/Cache/Admin/08d09bf975756b5767d75991b10837e3.php 第 58 行.
INFO: Run Behavior\ParseTemplateBehavior [ RunTime:0.005318s ]
INFO: [ view_parse ] --END-- [ RunTime:0.005341s ]
INFO: [ view_filter ] --START--
INFO: Run Behavior\WriteHtmlCacheBehavior [ RunTime:0.000085s ]
INFO: [ view_filter ] --END-- [ RunTime:0.000103s ]
INFO: [ app_end ] --START--
INFO: Run Behavior\ShowPageTraceBehavior [ RunTime:0.000226s ]
INFO: [ app_end ] --END-- [ RunTime:0.000247s ]

[ 2017-01-01T12:38:15+08:00 ] ::1 /shetuan/index.php/Admin/Superadmin/showactivity.html
INFO: [ app_init ] --START--
INFO: Run Behavior\BuildLiteBehavior [ RunTime:0.000007s ]
INFO: [ app_init ] --END-- [ RunTime:0.000165s ]
INFO: [ app_begin ] --START--
INFO: Run Behavior\ReadHtmlCacheBehavior [ RunTime:0.000218s ]
INFO: [ app_begin ] --END-- [ RunTime:0.000243s ]
SQL: SHOW COLUMNS FROM `st_activity_apply` [ RunTime:0.0005s ]
SQL: SELECT `activityapplyname`,`activitytime`,`activityapplyaddr`,`activityapplycontent`,`activityapplytime`,`departname`,`activityapplyid` FROM `st_activity_apply` LEFT JOIN st_depart_info ON st_activity_apply.departId = st_depart_info.departId  WHERE ( activityApplyStatus=0 )  [ RunTime:0.0003s ]
SQL: SHOW COLUMNS FROM `st_activity_info` [ RunTime:0.0004s ]
SQL: SELECT * FROM `st_activity_info` WHERE ( status=0 )  [ RunTime:0.0002s ]
INFO: [ view_parse ] --START--
INFO: [ template_filter ] --START--
INFO: Run Behavior\ContentReplaceBehavior [ RunTime:0.000049s ]
INFO: [ template_filter ] --END-- [ RunTime:0.000114s ]
NOTIC: [8] Undefined variable: val /Users/tao/PhpSites/shetuan/Application/Runtime/Cache/Admin/08d09bf975756b5767d75991b10837e3.php 第 58 行.
NOTIC: [8] Undefined variable: val /Users/tao/PhpSites/shetuan/Application/Runtime/Cache/Admin/08d09bf975756b5767d75991b10837e3.php 第 58 行.
NOTIC: [8] Undefined variable: val /Users/tao/PhpSites/shetuan/Application/Runtime/Cache/Admin/08d09bf975756b5767d75991b10837e3.php 第 58 行.
NOTIC: [8] Undefined variable: val /Users/tao/PhpSites/shetuan/Application/Runtime/Cache/Admin/08d09bf975756b5767d75991b10837e3.php 第 58 行.
NOTIC: [8] Undefined variable: val /Users/tao/PhpSites/shetuan/Application/Runtime/Cache/Admin/08d09bf975756b5767d75991b10837e3.php 第 58 行.
INFO: Run Behavior\ParseTemplateBehavior [ RunTime:0.006234s ]
INFO: [ view_parse ] --END-- [ RunTime:0.006260s ]
INFO: [ view_filter ] --START--
INFO: Run Behavior\WriteHtmlCacheBehavior [ RunTime:0.000093s ]
INFO: [ view_filter ] --END-- [ RunTime:0.000111s ]
INFO: [ app_end ] --START--
INFO: Run Behavior\ShowPageTraceBehavior [ RunTime:0.000235s ]
INFO: [ app_end ] --END-- [ RunTime:0.000262s ]

[ 2017-01-01T12:38:20+08:00 ] ::1 /shetuan/index.php/Admin/Superadmin/showactivity.html
INFO: [ app_init ] --START--
INFO: Run Behavior\BuildLiteBehavior [ RunTime:0.000013s ]
INFO: [ app_init ] --END-- [ RunTime:0.000332s ]
INFO: [ app_begin ] --START--
INFO: Run Behavior\ReadHtmlCacheBehavior [ RunTime:0.000361s ]
INFO: [ app_begin ] --END-- [ RunTime:0.000404s ]
SQL: SHOW COLUMNS FROM `st_activity_apply` [ RunTime:0.0005s ]
SQL: SELECT `activityapplyname`,`activitytime`,`activityapplyaddr`,`activityapplycontent`,`activityapplytime`,`departname`,`activityapplyid` FROM `st_activity_apply` LEFT JOIN st_depart_info ON st_activity_apply.departId = st_depart_info.departId  WHERE ( activityApplyStatus=0 )  [ RunTime:0.0021s ]
SQL: SHOW COLUMNS FROM `st_activity_info` [ RunTime:0.0006s ]
SQL: SELECT * FROM `st_activity_info` WHERE ( status=0 )  [ RunTime:0.0003s ]
INFO: [ view_parse ] --START--
INFO: [ template_filter ] --START--
INFO: Run Behavior\ContentReplaceBehavior [ RunTime:0.000028s ]
INFO: [ template_filter ] --END-- [ RunTime:0.000063s ]
NOTIC: [8] Undefined variable: val /Users/tao/PhpSites/shetuan/Application/Runtime/Cache/Admin/08d09bf975756b5767d75991b10837e3.php 第 58 行.
NOTIC: [8] Undefined variable: val /Users/tao/PhpSites/shetuan/Application/Runtime/Cache/Admin/08d09bf975756b5767d75991b10837e3.php 第 58 行.
NOTIC: [8] Undefined variable: val /Users/tao/PhpSites/shetuan/Application/Runtime/Cache/Admin/08d09bf975756b5767d75991b10837e3.php 第 58 行.
NOTIC: [8] Undefined variable: val /Users/tao/PhpSites/shetuan/Application/Runtime/Cache/Admin/08d09bf975756b5767d75991b10837e3.php 第 58 行.
NOTIC: [8] Undefined variable: val /Users/tao/PhpSites/shetuan/Application/Runtime/Cache/Admin/08d09bf975756b5767d75991b10837e3.php 第 58 行.
INFO: Run Behavior\ParseTemplateBehavior [ RunTime:0.012668s ]
INFO: [ view_parse ] --END-- [ RunTime:0.012720s ]
INFO: [ view_filter ] --START--
INFO: Run Behavior\WriteHtmlCacheBehavior [ RunTime:0.000215s ]
INFO: [ view_filter ] --END-- [ RunTime:0.000259s ]
INFO: [ app_end ] --START--
INFO: Run Behavior\ShowPageTraceBehavior [ RunTime:0.000463s ]
INFO: [ app_end ] --END-- [ RunTime:0.000578s ]

[ 2017-01-01T12:40:34+08:00 ] ::1 /shetuan/index.php/Admin/Departadmin/subactivityapply.html
INFO: [ app_init ] --START--
INFO: Run Behavior\BuildLiteBehavior [ RunTime:0.000011s ]
INFO: [ app_init ] --END-- [ RunTime:0.000267s ]
INFO: [ app_begin ] --START--
INFO: Run Behavior\ReadHtmlCacheBehavior [ RunTime:0.000408s ]
INFO: [ app_begin ] --END-- [ RunTime:0.000445s ]
INFO: [ view_parse ] --START--
INFO: [ template_filter ] --START--
INFO: Run Behavior\ContentReplaceBehavior [ RunTime:0.000019s ]
INFO: [ template_filter ] --END-- [ RunTime:0.000042s ]
INFO: Run Behavior\ParseTemplateBehavior [ RunTime:0.002699s ]
INFO: [ view_parse ] --END-- [ RunTime:0.002727s ]
INFO: [ view_filter ] --START--
INFO: Run Behavior\WriteHtmlCacheBehavior [ RunTime:0.000077s ]
INFO: [ view_filter ] --END-- [ RunTime:0.000095s ]
INFO: [ app_end ] --START--
INFO: Run Behavior\ShowPageTraceBehavior [ RunTime:0.000230s ]
INFO: [ app_end ] --END-- [ RunTime:0.000251s ]

[ 2017-01-01T12:40:46+08:00 ] ::1 /shetuan/index.php/Admin/Departadmin/subactivityapply.html
INFO: [ app_init ] --START--
INFO: Run Behavior\BuildLiteBehavior [ RunTime:0.000007s ]
INFO: [ app_init ] --END-- [ RunTime:0.000164s ]
INFO: [ app_begin ] --START--
INFO: Run Behavior\ReadHtmlCacheBehavior [ RunTime:0.000204s ]
INFO: [ app_begin ] --END-- [ RunTime:0.000226s ]
SQL: SHOW COLUMNS FROM `st_admin_info` [ RunTime:0.0022s ]
SQL: SELECT * FROM `st_admin_info` WHERE `adminId` = 2 LIMIT 1   [ RunTime:0.0004s ]
SQL: SHOW COLUMNS FROM `st_activity_apply` [ RunTime:0.0006s ]
SQL: INSERT INTO `st_activity_apply` (`activityApplyName`,`activityTime`,`activityApplyAddr`,`activityApplyContent`,`activityApplyTime`,`departId`) VALUES ('try','45234234','378686','42423','1483245634','1') [ RunTime:0.0013s ]
INFO: [ app_end ] --START--
INFO: Run Behavior\ShowPageTraceBehavior [ RunTime:0.000417s ]
INFO: [ app_end ] --END-- [ RunTime:0.000456s ]

[ 2017-01-01T12:40:47+08:00 ] ::1 /shetuan/index.php/Admin/Departadmin/index.html
INFO: [ app_init ] --START--
INFO: Run Behavior\BuildLiteBehavior [ RunTime:0.000008s ]
INFO: [ app_init ] --END-- [ RunTime:0.000171s ]
INFO: [ app_begin ] --START--
INFO: Run Behavior\ReadHtmlCacheBehavior [ RunTime:0.000341s ]
INFO: [ app_begin ] --END-- [ RunTime:0.000367s ]
INFO: [ view_parse ] --START--
INFO: [ template_filter ] --START--
INFO: Run Behavior\ContentReplaceBehavior [ RunTime:0.000027s ]
INFO: [ template_filter ] --END-- [ RunTime:0.000118s ]
INFO: Run Behavior\ParseTemplateBehavior [ RunTime:0.003565s ]
INFO: [ view_parse ] --END-- [ RunTime:0.004158s ]
INFO: [ view_filter ] --START--
INFO: Run Behavior\WriteHtmlCacheBehavior [ RunTime:0.000220s ]
INFO: [ view_filter ] --END-- [ RunTime:0.000254s ]
INFO: [ app_end ] --START--
INFO: Run Behavior\ShowPageTraceBehavior [ RunTime:0.000429s ]
INFO: [ app_end ] --END-- [ RunTime:0.000465s ]

[ 2017-01-01T12:40:51+08:00 ] ::1 /shetuan/index.php/Admin/Superadmin/showactivity.html
INFO: [ app_init ] --START--
INFO: Run Behavior\BuildLiteBehavior [ RunTime:0.000008s ]
INFO: [ app_init ] --END-- [ RunTime:0.000173s ]
INFO: [ app_begin ] --START--
INFO: Run Behavior\ReadHtmlCacheBehavior [ RunTime:0.000225s ]
INFO: [ app_begin ] --END-- [ RunTime:0.000251s ]
SQL: SHOW COLUMNS FROM `st_activity_apply` [ RunTime:0.0006s ]
SQL: SELECT `activityapplyname`,`activitytime`,`activityapplyaddr`,`activityapplycontent`,`activityapplytime`,`departname`,`activityapplyid` FROM `st_activity_apply` LEFT JOIN st_depart_info ON st_activity_apply.departId = st_depart_info.departId  WHERE ( activityApplyStatus=0 )  [ RunTime:0.0005s ]
SQL: SHOW COLUMNS FROM `st_activity_info` [ RunTime:0.0008s ]
SQL: SELECT * FROM `st_activity_info` WHERE ( status=0 )  [ RunTime:0.0008s ]
INFO: [ view_parse ] --START--
INFO: [ template_filter ] --START--
INFO: Run Behavior\ContentReplaceBehavior [ RunTime:0.000023s ]
INFO: [ template_filter ] --END-- [ RunTime:0.000052s ]
INFO: Run Behavior\ParseTemplateBehavior [ RunTime:0.004575s ]
INFO: [ view_parse ] --END-- [ RunTime:0.004610s ]
INFO: [ view_filter ] --START--
INFO: Run Behavior\WriteHtmlCacheBehavior [ RunTime:0.000088s ]
INFO: [ view_filter ] --END-- [ RunTime:0.000117s ]
INFO: [ app_end ] --START--
INFO: Run Behavior\ShowPageTraceBehavior [ RunTime:0.000465s ]
INFO: [ app_end ] --END-- [ RunTime:0.000510s ]

[ 2017-01-01T12:44:22+08:00 ] ::1 /shetuan/index.php/Admin/Superadmin/showactivity.html
INFO: [ app_init ] --START--
INFO: Run Behavior\BuildLiteBehavior [ RunTime:0.000008s ]
INFO: [ app_init ] --END-- [ RunTime:0.000266s ]
INFO: [ app_begin ] --START--
INFO: Run Behavior\ReadHtmlCacheBehavior [ RunTime:0.000377s ]
INFO: [ app_begin ] --END-- [ RunTime:0.000426s ]
SQL: SHOW COLUMNS FROM `st_activity_apply` [ RunTime:0.0005s ]
SQL: SELECT `activityapplyname`,`activitytime`,`activityapplyaddr`,`activityapplycontent`,`activityapplytime`,`departname`,`activityapplyid` FROM `st_activity_apply` LEFT JOIN st_depart_info ON st_activity_apply.departId = st_depart_info.departId  WHERE ( activityApplyStatus=0 )  [ RunTime:0.0003s ]
SQL: SHOW COLUMNS FROM `st_activity_info` [ RunTime:0.0004s ]
SQL: SELECT * FROM `st_activity_info` WHERE ( status=0 )  [ RunTime:0.0002s ]
INFO: [ view_parse ] --START--
INFO: [ template_filter ] --START--
INFO: Run Behavior\ContentReplaceBehavior [ RunTime:0.000123s ]
INFO: [ template_filter ] --END-- [ RunTime:0.000190s ]
INFO: Run Behavior\ParseTemplateBehavior [ RunTime:0.006714s ]
INFO: [ view_parse ] --END-- [ RunTime:0.006760s ]
INFO: [ view_filter ] --START--
INFO: Run Behavior\WriteHtmlCacheBehavior [ RunTime:0.000110s ]
INFO: [ view_filter ] --END-- [ RunTime:0.000140s ]
INFO: [ app_end ] --START--
INFO: Run Behavior\ShowPageTraceBehavior [ RunTime:0.000337s ]
INFO: [ app_end ] --END-- [ RunTime:0.000368s ]

[ 2017-01-01T12:48:55+08:00 ] ::1 /shetuan/index.php/Admin/Superadmin/showactivity.html
INFO: [ app_init ] --START--
INFO: Run Behavior\BuildLiteBehavior [ RunTime:0.000011s ]
INFO: [ app_init ] --END-- [ RunTime:0.000214s ]
INFO: [ app_begin ] --START--
INFO: Run Behavior\ReadHtmlCacheBehavior [ RunTime:0.000955s ]
INFO: [ app_begin ] --END-- [ RunTime:0.000998s ]
SQL: SHOW COLUMNS FROM `st_activity_apply` [ RunTime:0.0004s ]
SQL: SELECT `activityapplyname`,`activitytime`,`activityapplyaddr`,`activityapplycontent`,`activityapplytime`,`departname`,`activityapplyid` FROM `st_activity_apply` LEFT JOIN st_depart_info ON st_activity_apply.departId = st_depart_info.departId  WHERE ( activityApplyStatus=0 )  [ RunTime:0.0003s ]
SQL: SHOW COLUMNS FROM `st_activity_info` [ RunTime:0.0004s ]
SQL: SELECT * FROM `st_activity_info` WHERE ( status=0 )  [ RunTime:0.0003s ]
INFO: [ view_parse ] --START--
INFO: [ template_filter ] --START--
INFO: Run Behavior\ContentReplaceBehavior [ RunTime:0.000025s ]
INFO: [ template_filter ] --END-- [ RunTime:0.000065s ]
NOTIC: [8] Undefined index: activityid /Users/tao/PhpSites/shetuan/Application/Runtime/Cache/Admin/08d09bf975756b5767d75991b10837e3.php 第 58 行.
NOTIC: [8] Undefined index: activityid /Users/tao/PhpSites/shetuan/Application/Runtime/Cache/Admin/08d09bf975756b5767d75991b10837e3.php 第 58 行.
NOTIC: [8] Undefined index: activityid /Users/tao/PhpSites/shetuan/Application/Runtime/Cache/Admin/08d09bf975756b5767d75991b10837e3.php 第 58 行.
NOTIC: [8] Undefined index: activityid /Users/tao/PhpSites/shetuan/Application/Runtime/Cache/Admin/08d09bf975756b5767d75991b10837e3.php 第 58 行.
NOTIC: [8] Undefined index: activityid /Users/tao/PhpSites/shetuan/Application/Runtime/Cache/Admin/08d09bf975756b5767d75991b10837e3.php 第 58 行.
INFO: Run Behavior\ParseTemplateBehavior [ RunTime:0.006100s ]
INFO: [ view_parse ] --END-- [ RunTime:0.006143s ]
INFO: [ view_filter ] --START--
INFO: Run Behavior\WriteHtmlCacheBehavior [ RunTime:0.000088s ]
INFO: [ view_filter ] --END-- [ RunTime:0.000116s ]
INFO: [ app_end ] --START--
INFO: Run Behavior\ShowPageTraceBehavior [ RunTime:0.000274s ]
INFO: [ app_end ] --END-- [ RunTime:0.000304s ]

[ 2017-01-01T12:48:57+08:00 ] ::1 /shetuan/index.php/Admin/Superadmin/showactivity.html
INFO: [ app_init ] --START--
INFO: Run Behavior\BuildLiteBehavior [ RunTime:0.000021s ]
INFO: [ app_init ] --END-- [ RunTime:0.000293s ]
INFO: [ app_begin ] --START--
INFO: Run Behavior\ReadHtmlCacheBehavior [ RunTime:0.000339s ]
INFO: [ app_begin ] --END-- [ RunTime:0.000376s ]
SQL: SHOW COLUMNS FROM `st_activity_apply` [ RunTime:0.0004s ]
SQL: SELECT `activityapplyname`,`activitytime`,`activityapplyaddr`,`activityapplycontent`,`activityapplytime`,`departname`,`activityapplyid` FROM `st_activity_apply` LEFT JOIN st_depart_info ON st_activity_apply.departId = st_depart_info.departId  WHERE ( activityApplyStatus=0 )  [ RunTime:0.0003s ]
SQL: SHOW COLUMNS FROM `st_activity_info` [ RunTime:0.0004s ]
SQL: SELECT * FROM `st_activity_info` WHERE ( status=0 )  [ RunTime:0.0002s ]
INFO: [ view_parse ] --START--
INFO: [ template_filter ] --START--
INFO: Run Behavior\ContentReplaceBehavior [ RunTime:0.000028s ]
INFO: [ template_filter ] --END-- [ RunTime:0.000064s ]
NOTIC: [8] Undefined index: activityid /Users/tao/PhpSites/shetuan/Application/Runtime/Cache/Admin/08d09bf975756b5767d75991b10837e3.php 第 58 行.
NOTIC: [8] Undefined index: activityid /Users/tao/PhpSites/shetuan/Application/Runtime/Cache/Admin/08d09bf975756b5767d75991b10837e3.php 第 58 行.
NOTIC: [8] Undefined index: activityid /Users/tao/PhpSites/shetuan/Application/Runtime/Cache/Admin/08d09bf975756b5767d75991b10837e3.php 第 58 行.
NOTIC: [8] Undefined index: activityid /Users/tao/PhpSites/shetuan/Application/Runtime/Cache/Admin/08d09bf975756b5767d75991b10837e3.php 第 58 行.
NOTIC: [8] Undefined index: activityid /Users/tao/PhpSites/shetuan/Application/Runtime/Cache/Admin/08d09bf975756b5767d75991b10837e3.php 第 58 行.
INFO: Run Behavior\ParseTemplateBehavior [ RunTime:0.006779s ]
INFO: [ view_parse ] --END-- [ RunTime:0.006850s ]
INFO: [ view_filter ] --START--
INFO: Run Behavior\WriteHtmlCacheBehavior [ RunTime:0.000662s ]
INFO: [ view_filter ] --END-- [ RunTime:0.000722s ]
INFO: [ app_end ] --START--
INFO: Run Behavior\ShowPageTraceBehavior [ RunTime:0.000379s ]
INFO: [ app_end ] --END-- [ RunTime:0.000416s ]

